
*** Running vivado
    with args -log DINO.vds -m64 -product Vivado -mode batch -messageDb vivado.pb -notrace -source DINO.tcl



****** Vivado v2020.1 (64-bit)
  **** SW Build 2902540 on Wed May 27 19:54:49 MDT 2020
  **** IP Build 2902112 on Wed May 27 22:43:36 MDT 2020
    ** Copyright 1986-2020 Xilinx, Inc. All Rights Reserved.

source DINO.tcl -notrace
Command: synth_design -top DINO -part xc7a100tcsg324-1
Starting synth_design
Attempting to get a license for feature 'Synthesis' and/or device 'xc7a100t'
INFO: [Common 17-349] Got license for feature 'Synthesis' and/or device 'xc7a100t'
INFO: [Device 21-403] Loading part xc7a100tcsg324-1
INFO: [Synth 8-7079] Multithreading enabled for synth_design using a maximum of 2 processes.
INFO: [Synth 8-7078] Launching helper process for spawning children vivado processes
INFO: [Synth 8-7075] Helper process launched with PID 22488
WARNING: [Synth 8-2611] redeclaration of ansi port refresh_clock is not allowed [C:/Users/rodri/ECE350/final-project-team-18/Scores/LED_segments.v:8]
WARNING: [Synth 8-2611] redeclaration of ansi port obstacle_height is not allowed [C:/Users/rodri/ECE350/final-project-team-18/VGA/VGAController.v:84]
WARNING: [Synth 8-6901] identifier 'Q_reg14' is used before its declaration [C:/Users/rodri/ECE350/final-project-team-18/Processor/regfile.v:24]
WARNING: [Synth 8-6901] identifier 'Q_reg15' is used before its declaration [C:/Users/rodri/ECE350/final-project-team-18/Processor/regfile.v:25]
WARNING: [Synth 8-6901] identifier 'Q_reg16' is used before its declaration [C:/Users/rodri/ECE350/final-project-team-18/Processor/regfile.v:26]
WARNING: [Synth 8-6901] identifier 'Q_reg17' is used before its declaration [C:/Users/rodri/ECE350/final-project-team-18/Processor/regfile.v:27]
WARNING: [Synth 8-6901] identifier 'Q_reg25' is used before its declaration [C:/Users/rodri/ECE350/final-project-team-18/Processor/regfile.v:28]
WARNING: [Synth 8-6901] identifier 'Q_reg28' is used before its declaration [C:/Users/rodri/ECE350/final-project-team-18/Processor/regfile.v:29]
WARNING: [Synth 8-6901] identifier 'Q_reg7' is used before its declaration [C:/Users/rodri/ECE350/final-project-team-18/Processor/regfile.v:30]
---------------------------------------------------------------------------------
Starting RTL Elaboration : Time (s): cpu = 00:00:04 ; elapsed = 00:00:04 . Memory (MB): peak = 1034.414 ; gain = 0.000
---------------------------------------------------------------------------------
INFO: [Synth 8-6157] synthesizing module 'DINO' [C:/Users/rodri/ECE350/final-project-team-18/DINO.v:1]
	Parameter MHz bound to: 1000000 - type: integer 
	Parameter SYSTEM_FREQ bound to: 100000000 - type: integer 
	Parameter PROC_FREQ bound to: 50000000 - type: integer 
	Parameter GAME_FRAME_RT bound to: 64'b0000000000000000000000000000000000000000000000000000000000000011 
INFO: [Synth 8-6157] synthesizing module 'clock_divider_DINO' [C:/Users/rodri/ECE350/final-project-team-18/clock_divider_DINO.v:1]
INFO: [Synth 8-6155] done synthesizing module 'clock_divider_DINO' (1#1) [C:/Users/rodri/ECE350/final-project-team-18/clock_divider_DINO.v:1]
INFO: [Synth 8-6157] synthesizing module 'Wrapper' [C:/Users/rodri/ECE350/final-project-team-18/Processor/Wrapper.v:27]
	Parameter INSTR_FILE bound to: dino_assembly - type: string 
INFO: [Synth 8-6157] synthesizing module 'processor' [C:/Users/rodri/ECE350/final-project-team-18/Processor/processor.v:20]
INFO: [Synth 8-6157] synthesizing module 'pc' [C:/Users/rodri/ECE350/final-project-team-18/Processor/pc.v:1]
INFO: [Synth 8-6157] synthesizing module 'dffe_neg' [C:/Users/rodri/ECE350/final-project-team-18/Processor/dffe_neg.v:1]
INFO: [Synth 8-6155] done synthesizing module 'dffe_neg' (2#1) [C:/Users/rodri/ECE350/final-project-team-18/Processor/dffe_neg.v:1]
INFO: [Synth 8-6155] done synthesizing module 'pc' (3#1) [C:/Users/rodri/ECE350/final-project-team-18/Processor/pc.v:1]
INFO: [Synth 8-6157] synthesizing module 'fetch' [C:/Users/rodri/ECE350/final-project-team-18/Processor/fetch.v:1]
INFO: [Synth 8-6157] synthesizing module 'CLA_32' [C:/Users/rodri/ECE350/final-project-team-18/Processor/CLA_32.v:2]
INFO: [Synth 8-6157] synthesizing module 'CLA_8' [C:/Users/rodri/ECE350/final-project-team-18/Processor/CLA_8.v:1]
INFO: [Synth 8-6157] synthesizing module 'CLA_1' [C:/Users/rodri/ECE350/final-project-team-18/Processor/CLA_1.v:1]
INFO: [Synth 8-6155] done synthesizing module 'CLA_1' (4#1) [C:/Users/rodri/ECE350/final-project-team-18/Processor/CLA_1.v:1]
INFO: [Synth 8-6155] done synthesizing module 'CLA_8' (5#1) [C:/Users/rodri/ECE350/final-project-team-18/Processor/CLA_8.v:1]
INFO: [Synth 8-6155] done synthesizing module 'CLA_32' (6#1) [C:/Users/rodri/ECE350/final-project-team-18/Processor/CLA_32.v:2]
INFO: [Synth 8-6155] done synthesizing module 'fetch' (7#1) [C:/Users/rodri/ECE350/final-project-team-18/Processor/fetch.v:1]
INFO: [Synth 8-6157] synthesizing module 'fd' [C:/Users/rodri/ECE350/final-project-team-18/Processor/fd.v:1]
INFO: [Synth 8-6157] synthesizing module 'dffe_ref' [C:/Users/rodri/ECE350/final-project-team-18/Processor/dffe_ref.v:1]
INFO: [Synth 8-6155] done synthesizing module 'dffe_ref' (8#1) [C:/Users/rodri/ECE350/final-project-team-18/Processor/dffe_ref.v:1]
INFO: [Synth 8-6155] done synthesizing module 'fd' (9#1) [C:/Users/rodri/ECE350/final-project-team-18/Processor/fd.v:1]
INFO: [Synth 8-6157] synthesizing module 'decode' [C:/Users/rodri/ECE350/final-project-team-18/Processor/decode.v:1]
INFO: [Synth 8-6155] done synthesizing module 'decode' (10#1) [C:/Users/rodri/ECE350/final-project-team-18/Processor/decode.v:1]
INFO: [Synth 8-6157] synthesizing module 'dx' [C:/Users/rodri/ECE350/final-project-team-18/Processor/dx.v:1]
INFO: [Synth 8-6155] done synthesizing module 'dx' (11#1) [C:/Users/rodri/ECE350/final-project-team-18/Processor/dx.v:1]
INFO: [Synth 8-6157] synthesizing module 'execute' [C:/Users/rodri/ECE350/final-project-team-18/Processor/execute.v:1]
INFO: [Synth 8-6157] synthesizing module 'type_control' [C:/Users/rodri/ECE350/final-project-team-18/Processor/type_control.v:1]
INFO: [Synth 8-6155] done synthesizing module 'type_control' (12#1) [C:/Users/rodri/ECE350/final-project-team-18/Processor/type_control.v:1]
INFO: [Synth 8-6157] synthesizing module 'mux_4' [C:/Users/rodri/ECE350/final-project-team-18/Processor/mux_4.v:1]
INFO: [Synth 8-6157] synthesizing module 'mux_2' [C:/Users/rodri/ECE350/final-project-team-18/Processor/mux_2.v:1]
INFO: [Synth 8-6155] done synthesizing module 'mux_2' (13#1) [C:/Users/rodri/ECE350/final-project-team-18/Processor/mux_2.v:1]
INFO: [Synth 8-6155] done synthesizing module 'mux_4' (14#1) [C:/Users/rodri/ECE350/final-project-team-18/Processor/mux_4.v:1]
INFO: [Synth 8-6157] synthesizing module 'alu' [C:/Users/rodri/ECE350/final-project-team-18/Processor/alu.v:1]
INFO: [Synth 8-6157] synthesizing module 'ADD' [C:/Users/rodri/ECE350/final-project-team-18/Processor/ADD.v:1]
INFO: [Synth 8-6155] done synthesizing module 'ADD' (15#1) [C:/Users/rodri/ECE350/final-project-team-18/Processor/ADD.v:1]
INFO: [Synth 8-6157] synthesizing module 'SUBTRACT' [C:/Users/rodri/ECE350/final-project-team-18/Processor/SUBTRACT.v:1]
INFO: [Synth 8-6155] done synthesizing module 'SUBTRACT' (16#1) [C:/Users/rodri/ECE350/final-project-team-18/Processor/SUBTRACT.v:1]
INFO: [Synth 8-6157] synthesizing module 'BIT_AND' [C:/Users/rodri/ECE350/final-project-team-18/Processor/BIT_AND.v:1]
INFO: [Synth 8-6155] done synthesizing module 'BIT_AND' (17#1) [C:/Users/rodri/ECE350/final-project-team-18/Processor/BIT_AND.v:1]
INFO: [Synth 8-6157] synthesizing module 'BIT_OR' [C:/Users/rodri/ECE350/final-project-team-18/Processor/BIT_OR.v:1]
INFO: [Synth 8-6155] done synthesizing module 'BIT_OR' (18#1) [C:/Users/rodri/ECE350/final-project-team-18/Processor/BIT_OR.v:1]
INFO: [Synth 8-6157] synthesizing module 'SLL' [C:/Users/rodri/ECE350/final-project-team-18/Processor/SLL.v:1]
INFO: [Synth 8-6155] done synthesizing module 'SLL' (19#1) [C:/Users/rodri/ECE350/final-project-team-18/Processor/SLL.v:1]
INFO: [Synth 8-6157] synthesizing module 'SRA' [C:/Users/rodri/ECE350/final-project-team-18/Processor/SRA.v:1]
INFO: [Synth 8-6155] done synthesizing module 'SRA' (20#1) [C:/Users/rodri/ECE350/final-project-team-18/Processor/SRA.v:1]
INFO: [Synth 8-6157] synthesizing module 'NOTEQUAL' [C:/Users/rodri/ECE350/final-project-team-18/Processor/NOT_EQUAL.v:1]
INFO: [Synth 8-6155] done synthesizing module 'NOTEQUAL' (21#1) [C:/Users/rodri/ECE350/final-project-team-18/Processor/NOT_EQUAL.v:1]
INFO: [Synth 8-6157] synthesizing module 'mux_8' [C:/Users/rodri/ECE350/final-project-team-18/Processor/mux_8.v:1]
INFO: [Synth 8-6155] done synthesizing module 'mux_8' (22#1) [C:/Users/rodri/ECE350/final-project-team-18/Processor/mux_8.v:1]
INFO: [Synth 8-6157] synthesizing module 'mux_8_one_bit' [C:/Users/rodri/ECE350/final-project-team-18/Processor/mux_8_one_bit.v:1]
INFO: [Synth 8-6157] synthesizing module 'mux_4_one_bit' [C:/Users/rodri/ECE350/final-project-team-18/Processor/mux_4_one_bit.v:1]
INFO: [Synth 8-6157] synthesizing module 'mux_2_one_bit' [C:/Users/rodri/ECE350/final-project-team-18/Processor/mux_2_one_bit.v:1]
INFO: [Synth 8-6155] done synthesizing module 'mux_2_one_bit' (23#1) [C:/Users/rodri/ECE350/final-project-team-18/Processor/mux_2_one_bit.v:1]
INFO: [Synth 8-6155] done synthesizing module 'mux_4_one_bit' (24#1) [C:/Users/rodri/ECE350/final-project-team-18/Processor/mux_4_one_bit.v:1]
INFO: [Synth 8-6155] done synthesizing module 'mux_8_one_bit' (25#1) [C:/Users/rodri/ECE350/final-project-team-18/Processor/mux_8_one_bit.v:1]
INFO: [Synth 8-6155] done synthesizing module 'alu' (26#1) [C:/Users/rodri/ECE350/final-project-team-18/Processor/alu.v:1]
INFO: [Synth 8-6157] synthesizing module 'multdiv' [C:/Users/rodri/ECE350/final-project-team-18/Processor/multdiv.v:1]
INFO: [Synth 8-6157] synthesizing module 'multiplier' [C:/Users/rodri/ECE350/final-project-team-18/Processor/multiplier.v:1]
WARNING: [Synth 8-6090] variable 'P' is written by both blocking and non-blocking assignments, entire logic could be removed [C:/Users/rodri/ECE350/final-project-team-18/Processor/multiplier.v:52]
INFO: [Synth 8-6155] done synthesizing module 'multiplier' (27#1) [C:/Users/rodri/ECE350/final-project-team-18/Processor/multiplier.v:1]
INFO: [Synth 8-6157] synthesizing module 'divider' [C:/Users/rodri/ECE350/final-project-team-18/Processor/divider.v:1]
INFO: [Synth 8-6155] done synthesizing module 'divider' (28#1) [C:/Users/rodri/ECE350/final-project-team-18/Processor/divider.v:1]
INFO: [Synth 8-6155] done synthesizing module 'multdiv' (29#1) [C:/Users/rodri/ECE350/final-project-team-18/Processor/multdiv.v:1]
INFO: [Synth 8-6157] synthesizing module 'overflow_struct' [C:/Users/rodri/ECE350/final-project-team-18/Processor/overflow_struct.v:1]
INFO: [Synth 8-6157] synthesizing module 'tristate_32' [C:/Users/rodri/ECE350/final-project-team-18/Processor/tristate_32.v:1]
INFO: [Synth 8-6155] done synthesizing module 'tristate_32' (30#1) [C:/Users/rodri/ECE350/final-project-team-18/Processor/tristate_32.v:1]
INFO: [Synth 8-6155] done synthesizing module 'overflow_struct' (31#1) [C:/Users/rodri/ECE350/final-project-team-18/Processor/overflow_struct.v:1]
INFO: [Synth 8-6157] synthesizing module 'pc_control' [C:/Users/rodri/ECE350/final-project-team-18/Processor/pc_control.v:1]
INFO: [Synth 8-6155] done synthesizing module 'pc_control' (32#1) [C:/Users/rodri/ECE350/final-project-team-18/Processor/pc_control.v:1]
INFO: [Synth 8-6155] done synthesizing module 'execute' (33#1) [C:/Users/rodri/ECE350/final-project-team-18/Processor/execute.v:1]
INFO: [Synth 8-6157] synthesizing module 'pw' [C:/Users/rodri/ECE350/final-project-team-18/Processor/pw.v:1]
INFO: [Synth 8-6155] done synthesizing module 'pw' (34#1) [C:/Users/rodri/ECE350/final-project-team-18/Processor/pw.v:1]
INFO: [Synth 8-6157] synthesizing module 'xm' [C:/Users/rodri/ECE350/final-project-team-18/Processor/xm.v:1]
INFO: [Synth 8-6155] done synthesizing module 'xm' (35#1) [C:/Users/rodri/ECE350/final-project-team-18/Processor/xm.v:1]
INFO: [Synth 8-6157] synthesizing module 'memory' [C:/Users/rodri/ECE350/final-project-team-18/Processor/memory.v:1]
INFO: [Synth 8-6155] done synthesizing module 'memory' (36#1) [C:/Users/rodri/ECE350/final-project-team-18/Processor/memory.v:1]
INFO: [Synth 8-6157] synthesizing module 'mw' [C:/Users/rodri/ECE350/final-project-team-18/Processor/mw.v:1]
INFO: [Synth 8-6155] done synthesizing module 'mw' (37#1) [C:/Users/rodri/ECE350/final-project-team-18/Processor/mw.v:1]
INFO: [Synth 8-6157] synthesizing module 'writeback' [C:/Users/rodri/ECE350/final-project-team-18/Processor/writeback.v:1]
INFO: [Synth 8-6157] synthesizing module 'tristate_5' [C:/Users/rodri/ECE350/final-project-team-18/Processor/tristate_5.v:1]
INFO: [Synth 8-6155] done synthesizing module 'tristate_5' (38#1) [C:/Users/rodri/ECE350/final-project-team-18/Processor/tristate_5.v:1]
INFO: [Synth 8-6155] done synthesizing module 'writeback' (39#1) [C:/Users/rodri/ECE350/final-project-team-18/Processor/writeback.v:1]
INFO: [Synth 8-6157] synthesizing module 'bypass_struct' [C:/Users/rodri/ECE350/final-project-team-18/Processor/bypass_struct.v:1]
INFO: [Synth 8-6155] done synthesizing module 'bypass_struct' (40#1) [C:/Users/rodri/ECE350/final-project-team-18/Processor/bypass_struct.v:1]
INFO: [Synth 8-6155] done synthesizing module 'processor' (41#1) [C:/Users/rodri/ECE350/final-project-team-18/Processor/processor.v:20]
INFO: [Synth 8-6157] synthesizing module 'ROM' [C:/Users/rodri/ECE350/final-project-team-18/Processor/ROM.v:2]
	Parameter DATA_WIDTH bound to: 32 - type: integer 
	Parameter ADDRESS_WIDTH bound to: 12 - type: integer 
	Parameter DEPTH bound to: 4096 - type: integer 
	Parameter MEMFILE bound to: 136'b0110010001101001011011100110111101011111011000010111001101110011011001010110110101100010011011000111100100101110011011010110010101101101 
INFO: [Synth 8-3876] $readmem data file 'dino_assembly.mem' is read successfully [C:/Users/rodri/ECE350/final-project-team-18/Processor/ROM.v:11]
INFO: [Synth 8-6155] done synthesizing module 'ROM' (42#1) [C:/Users/rodri/ECE350/final-project-team-18/Processor/ROM.v:2]
INFO: [Synth 8-6157] synthesizing module 'regfile' [C:/Users/rodri/ECE350/final-project-team-18/Processor/regfile.v:1]
INFO: [Synth 8-6157] synthesizing module 'decoder_32' [C:/Users/rodri/ECE350/final-project-team-18/Processor/decoder_32.v:1]
INFO: [Synth 8-6155] done synthesizing module 'decoder_32' (43#1) [C:/Users/rodri/ECE350/final-project-team-18/Processor/decoder_32.v:1]
INFO: [Synth 8-6157] synthesizing module 'register' [C:/Users/rodri/ECE350/final-project-team-18/Processor/register.v:1]
INFO: [Synth 8-6155] done synthesizing module 'register' (44#1) [C:/Users/rodri/ECE350/final-project-team-18/Processor/register.v:1]
INFO: [Synth 8-6157] synthesizing module 'tri_32' [C:/Users/rodri/ECE350/final-project-team-18/Processor/tri_32.v:1]
INFO: [Synth 8-6155] done synthesizing module 'tri_32' (45#1) [C:/Users/rodri/ECE350/final-project-team-18/Processor/tri_32.v:1]
INFO: [Synth 8-6155] done synthesizing module 'regfile' (46#1) [C:/Users/rodri/ECE350/final-project-team-18/Processor/regfile.v:1]
INFO: [Synth 8-6157] synthesizing module 'RAM' [C:/Users/rodri/ECE350/final-project-team-18/Processor/RAM.v:2]
	Parameter DATA_WIDTH bound to: 32 - type: integer 
	Parameter ADDRESS_WIDTH bound to: 12 - type: integer 
	Parameter DEPTH bound to: 4096 - type: integer 
INFO: [Synth 8-6155] done synthesizing module 'RAM' (47#1) [C:/Users/rodri/ECE350/final-project-team-18/Processor/RAM.v:2]
INFO: [Synth 8-6155] done synthesizing module 'Wrapper' (48#1) [C:/Users/rodri/ECE350/final-project-team-18/Processor/Wrapper.v:27]
INFO: [Synth 8-6157] synthesizing module 'VGAController' [C:/Users/rodri/ECE350/final-project-team-18/VGA/VGAController.v:2]
	Parameter FILES_PATH bound to: C:/Users/rodri/ECE350/final-project-team-18/VGA/ - type: string 
	Parameter VIDEO_WIDTH bound to: 640 - type: integer 
	Parameter VIDEO_HEIGHT bound to: 480 - type: integer 
	Parameter PIXEL_COUNT bound to: 307200 - type: integer 
	Parameter PIXEL_ADDRESS_WIDTH bound to: 20 - type: integer 
	Parameter BITS_PER_COLOR bound to: 12 - type: integer 
	Parameter PALETTE_COLOR_COUNT bound to: 256 - type: integer 
	Parameter PALETTE_ADDRESS_WIDTH bound to: 9 - type: integer 
	Parameter SPRITE_COUNT bound to: 13 - type: integer 
	Parameter SPRITE_COUNT_game_over bound to: 16 - type: integer 
	Parameter SPRITE_COUNT_pause bound to: 16 - type: integer 
INFO: [Synth 8-6157] synthesizing module 'VGATimingGenerator' [C:/Users/rodri/ECE350/final-project-team-18/VGA/VGATimingGenerator.v:2]
	Parameter HEIGHT bound to: 480 - type: integer 
	Parameter WIDTH bound to: 640 - type: integer 
	Parameter H_FRONT_PORCH bound to: 16 - type: integer 
	Parameter H_SYNC_WIDTH bound to: 96 - type: integer 
	Parameter H_BACK_PORCH bound to: 48 - type: integer 
	Parameter H_SYNC_START bound to: 656 - type: integer 
	Parameter H_SYNC_END bound to: 752 - type: integer 
	Parameter H_LINE bound to: 800 - type: integer 
	Parameter V_FRONT_PORCH bound to: 11 - type: integer 
	Parameter V_SYNC_WIDTH bound to: 2 - type: integer 
	Parameter V_BACK_PORCH bound to: 31 - type: integer 
	Parameter V_SYNC_START bound to: 491 - type: integer 
	Parameter V_SYNC_END bound to: 493 - type: integer 
	Parameter V_LINE bound to: 524 - type: integer 
INFO: [Synth 8-6155] done synthesizing module 'VGATimingGenerator' (49#1) [C:/Users/rodri/ECE350/final-project-team-18/VGA/VGATimingGenerator.v:2]
WARNING: [Synth 8-689] width (12) of port connection 'x' does not match port width (10) of module 'VGATimingGenerator' [C:/Users/rodri/ECE350/final-project-team-18/VGA/VGAController.v:56]
WARNING: [Synth 8-689] width (12) of port connection 'y' does not match port width (9) of module 'VGATimingGenerator' [C:/Users/rodri/ECE350/final-project-team-18/VGA/VGAController.v:57]
INFO: [Synth 8-6157] synthesizing module 'LFSR_5bit' [C:/Users/rodri/ECE350/final-project-team-18/LSFR_5bit.v:1]
INFO: [Synth 8-6155] done synthesizing module 'LFSR_5bit' (50#1) [C:/Users/rodri/ECE350/final-project-team-18/LSFR_5bit.v:1]
INFO: [Synth 8-6157] synthesizing module 'LFSR_4bit' [C:/Users/rodri/ECE350/final-project-team-18/LFSR_4bit.v:1]
INFO: [Synth 8-6155] done synthesizing module 'LFSR_4bit' (51#1) [C:/Users/rodri/ECE350/final-project-team-18/LFSR_4bit.v:1]
INFO: [Synth 8-6157] synthesizing module 'RAM_VGA' [C:/Users/rodri/ECE350/final-project-team-18/VGA/RAM_VGA.v:2]
	Parameter DATA_WIDTH bound to: 9 - type: integer 
	Parameter ADDRESS_WIDTH bound to: 20 - type: integer 
	Parameter DEPTH bound to: 307200 - type: integer 
	Parameter MEMFILE bound to: 456'b010000110011101000101111010101010111001101100101011100100111001100101111011100100110111101100100011100100110100100101111010001010100001101000101001100110011010100110000001011110110011001101001011011100110000101101100001011010111000001110010011011110110101001100101011000110111010000101101011101000110010101100001011011010010110100110001001110000010111101010110010001110100000100101111011010010110110101100001011001110110010100101110011011010110010101101101 
INFO: [Synth 8-3876] $readmem data file 'C:/Users/rodri/ECE350/final-project-team-18/VGA/image.mem' is read successfully [C:/Users/rodri/ECE350/final-project-team-18/VGA/RAM_VGA.v:13]
INFO: [Synth 8-6155] done synthesizing module 'RAM_VGA' (52#1) [C:/Users/rodri/ECE350/final-project-team-18/VGA/RAM_VGA.v:2]
WARNING: [Synth 8-7071] port 'dataIn' of module 'RAM_VGA' is unconnected for instance 'ImageData' [C:/Users/rodri/ECE350/final-project-team-18/VGA/VGAController.v:186]
WARNING: [Synth 8-7023] instance 'ImageData' of module 'RAM_VGA' has 5 connections declared, but only 4 given [C:/Users/rodri/ECE350/final-project-team-18/VGA/VGAController.v:186]
INFO: [Synth 8-6157] synthesizing module 'RAM_VGA__parameterized0' [C:/Users/rodri/ECE350/final-project-team-18/VGA/RAM_VGA.v:2]
	Parameter DATA_WIDTH bound to: 12 - type: integer 
	Parameter ADDRESS_WIDTH bound to: 9 - type: integer 
	Parameter DEPTH bound to: 256 - type: integer 
	Parameter MEMFILE bound to: 464'b01000011001110100010111101010101011100110110010101110010011100110010111101110010011011110110010001110010011010010010111101000101010000110100010100110011001101010011000000101111011001100110100101101110011000010110110000101101011100000111001001101111011010100110010101100011011101000010110101110100011001010110000101101101001011010011000100111000001011110101011001000111010000010010111101100011011011110110110001101111011100100111001100101110011011010110010101101101 
INFO: [Synth 8-3876] $readmem data file 'C:/Users/rodri/ECE350/final-project-team-18/VGA/colors.mem' is read successfully [C:/Users/rodri/ECE350/final-project-team-18/VGA/RAM_VGA.v:13]
INFO: [Synth 8-6155] done synthesizing module 'RAM_VGA__parameterized0' (52#1) [C:/Users/rodri/ECE350/final-project-team-18/VGA/RAM_VGA.v:2]
WARNING: [Synth 8-7071] port 'dataIn' of module 'RAM_VGA' is unconnected for instance 'ColorPalette' [C:/Users/rodri/ECE350/final-project-team-18/VGA/VGAController.v:200]
WARNING: [Synth 8-7023] instance 'ColorPalette' of module 'RAM_VGA' has 5 connections declared, but only 4 given [C:/Users/rodri/ECE350/final-project-team-18/VGA/VGAController.v:200]
INFO: [Synth 8-6157] synthesizing module 'RAM_VGA__parameterized1' [C:/Users/rodri/ECE350/final-project-team-18/VGA/RAM_VGA.v:2]
	Parameter DATA_WIDTH bound to: 9 - type: integer 
	Parameter ADDRESS_WIDTH bound to: 13 - type: integer 
	Parameter DEPTH bound to: 3500 - type: integer 
	Parameter MEMFILE bound to: 448'b0100001100111010001011110101010101110011011001010111001001110011001011110111001001101111011001000111001001101001001011110100010101000011010001010011001100110101001100000010111101100110011010010110111001100001011011000010110101110000011100100110111101101010011001010110001101110100001011010111010001100101011000010110110100101101001100010011100000101111010101100100011101000001001011110110010001101001011011100110111100101110011011010110010101101101 
INFO: [Synth 8-3876] $readmem data file 'C:/Users/rodri/ECE350/final-project-team-18/VGA/dino.mem' is read successfully [C:/Users/rodri/ECE350/final-project-team-18/VGA/RAM_VGA.v:13]
INFO: [Synth 8-6155] done synthesizing module 'RAM_VGA__parameterized1' (52#1) [C:/Users/rodri/ECE350/final-project-team-18/VGA/RAM_VGA.v:2]
WARNING: [Synth 8-689] width (20) of port connection 'addr' does not match port width (13) of module 'RAM_VGA__parameterized1' [C:/Users/rodri/ECE350/final-project-team-18/VGA/VGAController.v:220]
WARNING: [Synth 8-689] width (1) of port connection 'dataOut' does not match port width (9) of module 'RAM_VGA__parameterized1' [C:/Users/rodri/ECE350/final-project-team-18/VGA/VGAController.v:221]
WARNING: [Synth 8-7071] port 'dataIn' of module 'RAM_VGA' is unconnected for instance 'SPRITE' [C:/Users/rodri/ECE350/final-project-team-18/VGA/VGAController.v:218]
WARNING: [Synth 8-7023] instance 'SPRITE' of module 'RAM_VGA' has 5 connections declared, but only 4 given [C:/Users/rodri/ECE350/final-project-team-18/VGA/VGAController.v:218]
INFO: [Synth 8-6157] synthesizing module 'RAM_VGA__parameterized2' [C:/Users/rodri/ECE350/final-project-team-18/VGA/RAM_VGA.v:2]
	Parameter DATA_WIDTH bound to: 9 - type: integer 
	Parameter ADDRESS_WIDTH bound to: 16 - type: integer 
	Parameter DEPTH bound to: 24200 - type: integer 
	Parameter MEMFILE bound to: 488'b01000011001110100010111101010101011100110110010101110010011100110010111101110010011011110110010001110010011010010010111101000101010000110100010100110011001101010011000000101111011001100110100101101110011000010110110000101101011100000111001001101111011010100110010101100011011101000010110101110100011001010110000101101101001011010011000100111000001011110101011001000111010000010010111101100111011000010110110101100101010111110110111101110110011001010111001000101110011011010110010101101101 
INFO: [Synth 8-3876] $readmem data file 'C:/Users/rodri/ECE350/final-project-team-18/VGA/game_over.mem' is read successfully [C:/Users/rodri/ECE350/final-project-team-18/VGA/RAM_VGA.v:13]
INFO: [Synth 8-6155] done synthesizing module 'RAM_VGA__parameterized2' (52#1) [C:/Users/rodri/ECE350/final-project-team-18/VGA/RAM_VGA.v:2]
WARNING: [Synth 8-689] width (20) of port connection 'addr' does not match port width (16) of module 'RAM_VGA__parameterized2' [C:/Users/rodri/ECE350/final-project-team-18/VGA/VGAController.v:238]
WARNING: [Synth 8-689] width (1) of port connection 'dataOut' does not match port width (9) of module 'RAM_VGA__parameterized2' [C:/Users/rodri/ECE350/final-project-team-18/VGA/VGAController.v:239]
WARNING: [Synth 8-7071] port 'dataIn' of module 'RAM_VGA' is unconnected for instance 'SPRITE_game_over' [C:/Users/rodri/ECE350/final-project-team-18/VGA/VGAController.v:236]
WARNING: [Synth 8-7023] instance 'SPRITE_game_over' of module 'RAM_VGA' has 5 connections declared, but only 4 given [C:/Users/rodri/ECE350/final-project-team-18/VGA/VGAController.v:236]
INFO: [Synth 8-6157] synthesizing module 'RAM_VGA__parameterized3' [C:/Users/rodri/ECE350/final-project-team-18/VGA/RAM_VGA.v:2]
	Parameter DATA_WIDTH bound to: 9 - type: integer 
	Parameter ADDRESS_WIDTH bound to: 16 - type: integer 
	Parameter DEPTH bound to: 24200 - type: integer 
	Parameter MEMFILE bound to: 456'b010000110011101000101111010101010111001101100101011100100111001100101111011100100110111101100100011100100110100100101111010001010100001101000101001100110011010100110000001011110110011001101001011011100110000101101100001011010111000001110010011011110110101001100101011000110111010000101101011101000110010101100001011011010010110100110001001110000010111101010110010001110100000100101111011100000110000101110101011100110110010100101110011011010110010101101101 
INFO: [Synth 8-3876] $readmem data file 'C:/Users/rodri/ECE350/final-project-team-18/VGA/pause.mem' is read successfully [C:/Users/rodri/ECE350/final-project-team-18/VGA/RAM_VGA.v:13]
INFO: [Synth 8-6155] done synthesizing module 'RAM_VGA__parameterized3' (52#1) [C:/Users/rodri/ECE350/final-project-team-18/VGA/RAM_VGA.v:2]
WARNING: [Synth 8-689] width (20) of port connection 'addr' does not match port width (16) of module 'RAM_VGA__parameterized3' [C:/Users/rodri/ECE350/final-project-team-18/VGA/VGAController.v:256]
WARNING: [Synth 8-689] width (1) of port connection 'dataOut' does not match port width (9) of module 'RAM_VGA__parameterized3' [C:/Users/rodri/ECE350/final-project-team-18/VGA/VGAController.v:257]
WARNING: [Synth 8-7071] port 'dataIn' of module 'RAM_VGA' is unconnected for instance 'SPRITE_pause' [C:/Users/rodri/ECE350/final-project-team-18/VGA/VGAController.v:254]
WARNING: [Synth 8-7023] instance 'SPRITE_pause' of module 'RAM_VGA' has 5 connections declared, but only 4 given [C:/Users/rodri/ECE350/final-project-team-18/VGA/VGAController.v:254]
INFO: [Synth 8-6155] done synthesizing module 'VGAController' (53#1) [C:/Users/rodri/ECE350/final-project-team-18/VGA/VGAController.v:2]
INFO: [Synth 8-6157] synthesizing module 'score_tracking' [C:/Users/rodri/ECE350/final-project-team-18/Scores/score_tracking.v:1]
INFO: [Synth 8-6157] synthesizing module 'clock_divider' [C:/Users/rodri/ECE350/final-project-team-18/Scores/clock_divider.v:1]
	Parameter CounterLimit bound to: 4999 - type: integer 
INFO: [Synth 8-6155] done synthesizing module 'clock_divider' (54#1) [C:/Users/rodri/ECE350/final-project-team-18/Scores/clock_divider.v:1]
INFO: [Synth 8-6157] synthesizing module 'clock_divider__parameterized0' [C:/Users/rodri/ECE350/final-project-team-18/Scores/clock_divider.v:1]
	Parameter CounterLimit bound to: 4999999 - type: integer 
INFO: [Synth 8-6155] done synthesizing module 'clock_divider__parameterized0' (54#1) [C:/Users/rodri/ECE350/final-project-team-18/Scores/clock_divider.v:1]
INFO: [Synth 8-6157] synthesizing module 'LED_segments' [C:/Users/rodri/ECE350/final-project-team-18/Scores/LED_segments.v:1]
INFO: [Synth 8-6157] synthesizing module 'refresh_counter' [C:/Users/rodri/ECE350/final-project-team-18/Scores/refresh_counter.v:1]
INFO: [Synth 8-6155] done synthesizing module 'refresh_counter' (55#1) [C:/Users/rodri/ECE350/final-project-team-18/Scores/refresh_counter.v:1]
INFO: [Synth 8-6157] synthesizing module 'display_control' [C:/Users/rodri/ECE350/final-project-team-18/Scores/display_control.v:2]
WARNING: [Synth 8-567] referenced signal 'digit_0' should be on the sensitivity list [C:/Users/rodri/ECE350/final-project-team-18/Scores/display_control.v:18]
WARNING: [Synth 8-567] referenced signal 'digit_1' should be on the sensitivity list [C:/Users/rodri/ECE350/final-project-team-18/Scores/display_control.v:18]
WARNING: [Synth 8-567] referenced signal 'digit_2' should be on the sensitivity list [C:/Users/rodri/ECE350/final-project-team-18/Scores/display_control.v:18]
WARNING: [Synth 8-567] referenced signal 'digit_3' should be on the sensitivity list [C:/Users/rodri/ECE350/final-project-team-18/Scores/display_control.v:18]
WARNING: [Synth 8-567] referenced signal 'digit_4' should be on the sensitivity list [C:/Users/rodri/ECE350/final-project-team-18/Scores/display_control.v:18]
WARNING: [Synth 8-567] referenced signal 'digit_5' should be on the sensitivity list [C:/Users/rodri/ECE350/final-project-team-18/Scores/display_control.v:18]
WARNING: [Synth 8-567] referenced signal 'digit_6' should be on the sensitivity list [C:/Users/rodri/ECE350/final-project-team-18/Scores/display_control.v:18]
WARNING: [Synth 8-567] referenced signal 'digit_7' should be on the sensitivity list [C:/Users/rodri/ECE350/final-project-team-18/Scores/display_control.v:18]
INFO: [Synth 8-6155] done synthesizing module 'display_control' (56#1) [C:/Users/rodri/ECE350/final-project-team-18/Scores/display_control.v:2]
INFO: [Synth 8-6157] synthesizing module 'cathode_control' [C:/Users/rodri/ECE350/final-project-team-18/Scores/cathode_control.v:1]
INFO: [Synth 8-6155] done synthesizing module 'cathode_control' (57#1) [C:/Users/rodri/ECE350/final-project-team-18/Scores/cathode_control.v:1]
INFO: [Synth 8-6155] done synthesizing module 'LED_segments' (58#1) [C:/Users/rodri/ECE350/final-project-team-18/Scores/LED_segments.v:1]
INFO: [Synth 8-6157] synthesizing module 'BCD' [C:/Users/rodri/ECE350/final-project-team-18/Scores/BCD.v:1]
INFO: [Synth 8-6155] done synthesizing module 'BCD' (59#1) [C:/Users/rodri/ECE350/final-project-team-18/Scores/BCD.v:1]
INFO: [Synth 8-6155] done synthesizing module 'score_tracking' (60#1) [C:/Users/rodri/ECE350/final-project-team-18/Scores/score_tracking.v:1]
INFO: [Synth 8-6155] done synthesizing module 'DINO' (61#1) [C:/Users/rodri/ECE350/final-project-team-18/DINO.v:1]
---------------------------------------------------------------------------------
Finished RTL Elaboration : Time (s): cpu = 00:00:08 ; elapsed = 00:00:09 . Memory (MB): peak = 1058.105 ; gain = 23.691
---------------------------------------------------------------------------------
---------------------------------------------------------------------------------
Start Handling Custom Attributes
---------------------------------------------------------------------------------
---------------------------------------------------------------------------------
Finished Handling Custom Attributes : Time (s): cpu = 00:00:09 ; elapsed = 00:00:10 . Memory (MB): peak = 1058.105 ; gain = 23.691
---------------------------------------------------------------------------------
---------------------------------------------------------------------------------
Finished RTL Optimization Phase 1 : Time (s): cpu = 00:00:09 ; elapsed = 00:00:10 . Memory (MB): peak = 1058.105 ; gain = 23.691
---------------------------------------------------------------------------------
Netlist sorting complete. Time (s): cpu = 00:00:01 ; elapsed = 00:00:00.184 . Memory (MB): peak = 1058.105 ; gain = 0.000
INFO: [Project 1-570] Preparing netlist for logic optimization

Processing XDC Constraints
Initializing timing engine
Parsing XDC File [C:/Users/rodri/ECE350/final-project-team-18/VGA/constraints.xdc]
CRITICAL WARNING: [Designutils 20-1307] Command '//' is not supported in the xdc constraint file. [C:/Users/rodri/ECE350/final-project-team-18/VGA/constraints.xdc:1]
CRITICAL WARNING: [Designutils 20-1307] Command '//' is not supported in the xdc constraint file. [C:/Users/rodri/ECE350/final-project-team-18/VGA/constraints.xdc:5]
CRITICAL WARNING: [Designutils 20-1307] Command '//' is not supported in the xdc constraint file. [C:/Users/rodri/ECE350/final-project-team-18/VGA/constraints.xdc:9]
CRITICAL WARNING: [Designutils 20-1307] Command '//' is not supported in the xdc constraint file. [C:/Users/rodri/ECE350/final-project-team-18/VGA/constraints.xdc:37]
CRITICAL WARNING: [Designutils 20-1307] Command '//' is not supported in the xdc constraint file. [C:/Users/rodri/ECE350/final-project-team-18/VGA/constraints.xdc:45]
CRITICAL WARNING: [Designutils 20-1307] Command '//' is not supported in the xdc constraint file. [C:/Users/rodri/ECE350/final-project-team-18/VGA/constraints.xdc:53]
Finished Parsing XDC File [C:/Users/rodri/ECE350/final-project-team-18/VGA/constraints.xdc]
INFO: [Project 1-236] Implementation specific constraints were found while reading constraint file [C:/Users/rodri/ECE350/final-project-team-18/VGA/constraints.xdc]. These constraints will be ignored for synthesis but will be used in implementation. Impacted constraints are listed in the file [.Xil/DINO_propImpl.xdc].
Resolution: To avoid this warning, move constraints listed in [.Xil/DINO_propImpl.xdc] to another XDC file and exclude this new file from synthesis with the used_in_synthesis property (File Properties dialog in GUI) and re-run elaboration/synthesis.
Completed Processing XDC Constraints

Netlist sorting complete. Time (s): cpu = 00:00:00 ; elapsed = 00:00:00.008 . Memory (MB): peak = 1104.617 ; gain = 0.000
INFO: [Project 1-111] Unisim Transformation Summary:
No Unisim elements were transformed.

Constraint Validation Runtime : Time (s): cpu = 00:00:00 ; elapsed = 00:00:00.031 . Memory (MB): peak = 1104.617 ; gain = 0.000
---------------------------------------------------------------------------------
Finished Constraint Validation : Time (s): cpu = 00:00:17 ; elapsed = 00:00:18 . Memory (MB): peak = 1104.617 ; gain = 70.203
---------------------------------------------------------------------------------
---------------------------------------------------------------------------------
Start Loading Part and Timing Information
---------------------------------------------------------------------------------
Loading part: xc7a100tcsg324-1
---------------------------------------------------------------------------------
Finished Loading Part and Timing Information : Time (s): cpu = 00:00:17 ; elapsed = 00:00:18 . Memory (MB): peak = 1104.617 ; gain = 70.203
---------------------------------------------------------------------------------
---------------------------------------------------------------------------------
Start Applying 'set_property' XDC Constraints
---------------------------------------------------------------------------------
---------------------------------------------------------------------------------
Finished applying 'set_property' XDC Constraints : Time (s): cpu = 00:00:17 ; elapsed = 00:00:18 . Memory (MB): peak = 1104.617 ; gain = 70.203
---------------------------------------------------------------------------------
---------------------------------------------------------------------------------
Finished RTL Optimization Phase 2 : Time (s): cpu = 00:00:21 ; elapsed = 00:00:22 . Memory (MB): peak = 1104.617 ; gain = 70.203
---------------------------------------------------------------------------------
---------------------------------------------------------------------------------
Start RTL Component Statistics 
---------------------------------------------------------------------------------
Detailed RTL Component Info : 
+---Adders : 
	   2 Input   65 Bit       Adders := 4     
	   3 Input   64 Bit       Adders := 1     
	   2 Input   32 Bit       Adders := 3     
	   2 Input   20 Bit       Adders := 1     
	   3 Input   20 Bit       Adders := 1     
	   2 Input   12 Bit       Adders := 3     
	   3 Input   12 Bit       Adders := 1     
	   2 Input   10 Bit       Adders := 2     
	   2 Input    6 Bit       Adders := 2     
	   2 Input    4 Bit       Adders := 8     
	   2 Input    3 Bit       Adders := 1     
	   2 Input    2 Bit       Adders := 1     
+---XORs : 
	   3 Input      1 Bit         XORs := 128   
	   2 Input      1 Bit         XORs := 8     
+---Registers : 
	               65 Bit    Registers := 3     
	               64 Bit    Registers := 3     
	               32 Bit    Registers := 5     
	               28 Bit    Registers := 1     
	               12 Bit    Registers := 1     
	               10 Bit    Registers := 2     
	                9 Bit    Registers := 4     
	                6 Bit    Registers := 2     
	                4 Bit    Registers := 8     
	                3 Bit    Registers := 1     
	                2 Bit    Registers := 1     
	                1 Bit    Registers := 1559  
+---Multipliers : 
	              32x32  Multipliers := 1     
+---RAMs : 
	            2700K Bit	(307200 X 9 bit)          RAMs := 1     
	             212K Bit	(24200 X 9 bit)          RAMs := 2     
	             128K Bit	(4096 X 32 bit)          RAMs := 1     
	              30K Bit	(3500 X 9 bit)          RAMs := 1     
	               3K Bit	(256 X 12 bit)          RAMs := 1     
+---ROMs : 
	                    ROMs := 1     
+---Muxes : 
	   2 Input   65 Bit        Muxes := 4     
	   3 Input   65 Bit        Muxes := 1     
	   2 Input   64 Bit        Muxes := 2     
	   2 Input   32 Bit        Muxes := 50    
	   2 Input   12 Bit        Muxes := 8     
	   2 Input   10 Bit        Muxes := 1     
	   2 Input    9 Bit        Muxes := 1     
	   8 Input    8 Bit        Muxes := 1     
	   2 Input    6 Bit        Muxes := 2     
	   3 Input    6 Bit        Muxes := 1     
	   2 Input    5 Bit        Muxes := 10    
	   2 Input    3 Bit        Muxes := 1     
	   2 Input    1 Bit        Muxes := 39    
---------------------------------------------------------------------------------
Finished RTL Component Statistics 
---------------------------------------------------------------------------------
---------------------------------------------------------------------------------
Start Part Resource Summary
---------------------------------------------------------------------------------
Part Resources:
DSPs: 240 (col length:80)
BRAMs: 270 (col length: RAMB18 80 RAMB36 40)
---------------------------------------------------------------------------------
Finished Part Resource Summary
---------------------------------------------------------------------------------
---------------------------------------------------------------------------------
Start Cross Boundary and Area Optimization
---------------------------------------------------------------------------------
DSP Report: Generating DSP mult/real_prod0, operation Mode is: A*B.
DSP Report: operator mult/real_prod0 is absorbed into DSP mult/real_prod0.
DSP Report: operator mult/real_prod0 is absorbed into DSP mult/real_prod0.
DSP Report: Generating DSP mult/real_prod_reg, operation Mode is: (PCIN>>17)+A*B.
DSP Report: register mult/real_prod_reg is absorbed into DSP mult/real_prod_reg.
DSP Report: operator mult/real_prod0 is absorbed into DSP mult/real_prod_reg.
DSP Report: operator mult/real_prod0 is absorbed into DSP mult/real_prod_reg.
DSP Report: Generating DSP mult/real_prod0, operation Mode is: A*B.
DSP Report: operator mult/real_prod0 is absorbed into DSP mult/real_prod0.
DSP Report: operator mult/real_prod0 is absorbed into DSP mult/real_prod0.
DSP Report: Generating DSP mult/real_prod_reg, operation Mode is: (PCIN>>17)+A*B.
DSP Report: register mult/real_prod_reg is absorbed into DSP mult/real_prod_reg.
DSP Report: operator mult/real_prod0 is absorbed into DSP mult/real_prod_reg.
DSP Report: operator mult/real_prod0 is absorbed into DSP mult/real_prod_reg.
DSP Report: Generating DSP game_overAddress0, operation Mode is: A*(B:0xdc).
DSP Report: operator game_overAddress0 is absorbed into DSP game_overAddress0.
DSP Report: Generating DSP game_overAddress, operation Mode is: PCIN+(A:0x0):B+(C:0xffffffffff38).
DSP Report: operator game_overAddress is absorbed into DSP game_overAddress.
DSP Report: Generating DSP dinoAddress, operation Mode is: C+A*(B:0x32).
DSP Report: operator dinoAddress is absorbed into DSP dinoAddress.
DSP Report: operator dinoAddress0 is absorbed into DSP dinoAddress.
DSP Report: Generating DSP imgAddress, operation Mode is: C+(A:0x280)*B.
DSP Report: operator imgAddress is absorbed into DSP imgAddress.
DSP Report: operator imgAddress0 is absorbed into DSP imgAddress.
---------------------------------------------------------------------------------
Finished Cross Boundary and Area Optimization : Time (s): cpu = 00:00:57 ; elapsed = 00:00:58 . Memory (MB): peak = 1259.199 ; gain = 224.785
---------------------------------------------------------------------------------
---------------------------------------------------------------------------------
Start ROM, RAM, DSP and Shift Register Reporting
---------------------------------------------------------------------------------

ROM: Preliminary Mapping	Report
+------------+---------------------+---------------+----------------+
|Module Name | RTL Object          | Depth x Width | Implemented As | 
+------------+---------------------+---------------+----------------+
|Wrapper     | InstMem/dataOut_reg | 4096x28       | Block RAM      | 
+------------+---------------------+---------------+----------------+


Block RAM: Preliminary Mapping	Report (see note below)
+-------------------------+-----------------+------------------------+---+---+------------------------+---+---+------------------+--------+--------+
|Module Name              | RTL Object      | PORT A (Depth x Width) | W | R | PORT B (Depth x Width) | W | R | Ports driving FF | RAMB18 | RAMB36 | 
+-------------------------+-----------------+------------------------+---+---+------------------------+---+---+------------------+--------+--------+
|RAM_VGA:                 | MemoryArray_reg | 300 K x 9(NO_CHANGE)   | W | R |                        |   |   | Port A           | 0      | 90     | 
|RAM_VGA__parameterized0: | MemoryArray_reg | 256 x 12(NO_CHANGE)    | W | R |                        |   |   | Port A           | 1      | 0      | 
|RAM_VGA__parameterized1: | MemoryArray_reg | 3 K x 9(NO_CHANGE)     | W | R |                        |   |   | Port A           | 0      | 1      | 
|RAM_VGA__parameterized2: | MemoryArray_reg | 23 K x 9(NO_CHANGE)    | W | R |                        |   |   | Port A           | 0      | 9      | 
|RAM_VGA__parameterized3: | MemoryArray_reg | 23 K x 9(NO_CHANGE)    | W | R |                        |   |   | Port A           | 0      | 9      | 
+-------------------------+-----------------+------------------------+---+---+------------------------+---+---+------------------+--------+--------+

Note: The table above is a preliminary report that shows the Block RAMs at the current stage of the synthesis flow. Some Block RAMs may be reimplemented as non Block RAM primitives later in the synthesis flow. Multiple instantiated Block RAMs are reported only once. 

DSP: Preliminary Mapping	Report (see note below)
+--------------+-----------------------------------+--------+--------+--------+--------+--------+------+------+------+------+-------+------+------+
|Module Name   | DSP Mapping                       | A Size | B Size | C Size | D Size | P Size | AREG | BREG | CREG | DREG | ADREG | MREG | PREG | 
+--------------+-----------------------------------+--------+--------+--------+--------+--------+------+------+------+------+-------+------+------+
|multdiv       | A*B                               | 18     | 15     | -      | -      | 48     | 0    | 0    | -    | -    | -     | 0    | 0    | 
|multdiv       | (PCIN>>17)+A*B                    | 15     | 15     | -      | -      | 48     | 0    | 0    | -    | -    | -     | 0    | 1    | 
|multdiv       | A*B                               | 18     | 18     | -      | -      | 48     | 0    | 0    | -    | -    | -     | 0    | 0    | 
|multdiv       | (PCIN>>17)+A*B                    | 18     | 15     | -      | -      | 48     | 0    | 0    | -    | -    | -     | 0    | 1    | 
|VGAController | A*(B:0xdc)                        | 15     | 8      | -      | -      | 23     | 0    | 0    | -    | -    | -     | 0    | 0    | 
|VGAController | PCIN+(A:0x0):B+(C:0xffffffffff38) | 30     | 10     | 9      | -      | -1     | 0    | 0    | 0    | -    | -     | 0    | 0    | 
|VGAController | C+A*(B:0x32)                      | 12     | 6      | 10     | -      | 12     | 0    | 0    | 0    | -    | -     | 0    | 0    | 
|VGAController | C+(A:0x280)*B                     | 9      | 10     | 10     | -      | 19     | 0    | 0    | 0    | -    | -     | 0    | 0    | 
+--------------+-----------------------------------+--------+--------+--------+--------+--------+------+------+------+------+-------+------+------+

Note: The table above is a preliminary report that shows the DSPs inferred at the current stage of the synthesis flow. Some DSP may be reimplemented as non DSP primitives later in the synthesis flow. Multiple instantiated DSPs are reported only once.
---------------------------------------------------------------------------------
Finished ROM, RAM, DSP and Shift Register Reporting
---------------------------------------------------------------------------------
---------------------------------------------------------------------------------
Start Applying XDC Timing Constraints
---------------------------------------------------------------------------------
---------------------------------------------------------------------------------
Finished Applying XDC Timing Constraints : Time (s): cpu = 00:01:09 ; elapsed = 00:01:10 . Memory (MB): peak = 1259.199 ; gain = 224.785
---------------------------------------------------------------------------------
---------------------------------------------------------------------------------
Start Timing Optimization
---------------------------------------------------------------------------------
---------------------------------------------------------------------------------
Finished Timing Optimization : Time (s): cpu = 00:01:09 ; elapsed = 00:01:10 . Memory (MB): peak = 1259.199 ; gain = 224.785
---------------------------------------------------------------------------------
---------------------------------------------------------------------------------
Start ROM, RAM, DSP and Shift Register Reporting
---------------------------------------------------------------------------------

Block RAM: Final Mapping	Report
+-------------------------+-----------------+------------------------+---+---+------------------------+---+---+------------------+--------+--------+
|Module Name              | RTL Object      | PORT A (Depth x Width) | W | R | PORT B (Depth x Width) | W | R | Ports driving FF | RAMB18 | RAMB36 | 
+-------------------------+-----------------+------------------------+---+---+------------------------+---+---+------------------+--------+--------+
|RAM_VGA:                 | MemoryArray_reg | 300 K x 9(NO_CHANGE)   | W | R |                        |   |   | Port A           | 0      | 90     | 
|RAM_VGA__parameterized0: | MemoryArray_reg | 256 x 12(NO_CHANGE)    | W | R |                        |   |   | Port A           | 1      | 0      | 
|RAM_VGA__parameterized1: | MemoryArray_reg | 3 K x 9(NO_CHANGE)     | W | R |                        |   |   | Port A           | 0      | 1      | 
|RAM_VGA__parameterized2: | MemoryArray_reg | 23 K x 9(NO_CHANGE)    | W | R |                        |   |   | Port A           | 0      | 9      | 
|RAM_VGA__parameterized3: | MemoryArray_reg | 23 K x 9(NO_CHANGE)    | W | R |                        |   |   | Port A           | 0      | 9      | 
+-------------------------+-----------------+------------------------+---+---+------------------------+---+---+------------------+--------+--------+

---------------------------------------------------------------------------------
Finished ROM, RAM, DSP and Shift Register Reporting
---------------------------------------------------------------------------------
---------------------------------------------------------------------------------
Start Technology Mapping
---------------------------------------------------------------------------------
INFO: [Synth 8-7052] The timing for the instance CPU/InstMem/dataOut_reg_0 (implemented as a Block RAM) might be sub-optimal as no optional output register could be merged into the ram block. Providing additional output register may help in improving timing.
INFO: [Synth 8-7052] The timing for the instance CPU/InstMem/dataOut_reg_1 (implemented as a Block RAM) might be sub-optimal as no optional output register could be merged into the ram block. Providing additional output register may help in improving timing.
INFO: [Synth 8-7052] The timing for the instance CPU/InstMem/dataOut_reg_2 (implemented as a Block RAM) might be sub-optimal as no optional output register could be merged into the ram block. Providing additional output register may help in improving timing.
INFO: [Synth 8-7052] The timing for the instance CPU/InstMem/dataOut_reg_3 (implemented as a Block RAM) might be sub-optimal as no optional output register could be merged into the ram block. Providing additional output register may help in improving timing.
INFO: [Synth 8-7052] The timing for the instance display_control/ImageData/MemoryArray_reg_1_0 (implemented as a Block RAM) might be sub-optimal as no optional output register could be merged into the ram block. Providing additional output register may help in improving timing.
INFO: [Synth 8-7052] The timing for the instance display_control/ImageData/MemoryArray_reg_1_1 (implemented as a Block RAM) might be sub-optimal as no optional output register could be merged into the ram block. Providing additional output register may help in improving timing.
INFO: [Synth 8-7052] The timing for the instance display_control/ImageData/MemoryArray_reg_1_2 (implemented as a Block RAM) might be sub-optimal as no optional output register could be merged into the ram block. Providing additional output register may help in improving timing.
INFO: [Synth 8-7052] The timing for the instance display_control/ImageData/MemoryArray_reg_1_3 (implemented as a Block RAM) might be sub-optimal as no optional output register could be merged into the ram block. Providing additional output register may help in improving timing.
INFO: [Synth 8-7052] The timing for the instance display_control/ImageData/MemoryArray_reg_1_4 (implemented as a Block RAM) might be sub-optimal as no optional output register could be merged into the ram block. Providing additional output register may help in improving timing.
INFO: [Synth 8-7052] The timing for the instance display_control/ImageData/MemoryArray_reg_1_5 (implemented as a Block RAM) might be sub-optimal as no optional output register could be merged into the ram block. Providing additional output register may help in improving timing.
INFO: [Synth 8-7052] The timing for the instance display_control/ImageData/MemoryArray_reg_1_6 (implemented as a Block RAM) might be sub-optimal as no optional output register could be merged into the ram block. Providing additional output register may help in improving timing.
INFO: [Synth 8-7052] The timing for the instance display_control/ImageData/MemoryArray_reg_1_7 (implemented as a Block RAM) might be sub-optimal as no optional output register could be merged into the ram block. Providing additional output register may help in improving timing.
INFO: [Synth 8-7052] The timing for the instance display_control/ImageData/MemoryArray_reg_3_0 (implemented as a Block RAM) might be sub-optimal as no optional output register could be merged into the ram block. Providing additional output register may help in improving timing.
INFO: [Synth 8-7052] The timing for the instance display_control/ImageData/MemoryArray_reg_3_1 (implemented as a Block RAM) might be sub-optimal as no optional output register could be merged into the ram block. Providing additional output register may help in improving timing.
INFO: [Synth 8-7052] The timing for the instance display_control/ImageData/MemoryArray_reg_3_2 (implemented as a Block RAM) might be sub-optimal as no optional output register could be merged into the ram block. Providing additional output register may help in improving timing.
INFO: [Synth 8-7052] The timing for the instance display_control/ImageData/MemoryArray_reg_3_3 (implemented as a Block RAM) might be sub-optimal as no optional output register could be merged into the ram block. Providing additional output register may help in improving timing.
INFO: [Synth 8-7052] The timing for the instance display_control/ImageData/MemoryArray_reg_3_4 (implemented as a Block RAM) might be sub-optimal as no optional output register could be merged into the ram block. Providing additional output register may help in improving timing.
INFO: [Synth 8-7052] The timing for the instance display_control/ImageData/MemoryArray_reg_3_5 (implemented as a Block RAM) might be sub-optimal as no optional output register could be merged into the ram block. Providing additional output register may help in improving timing.
INFO: [Synth 8-7052] The timing for the instance display_control/ImageData/MemoryArray_reg_3_6 (implemented as a Block RAM) might be sub-optimal as no optional output register could be merged into the ram block. Providing additional output register may help in improving timing.
INFO: [Synth 8-7052] The timing for the instance display_control/ImageData/MemoryArray_reg_3_7 (implemented as a Block RAM) might be sub-optimal as no optional output register could be merged into the ram block. Providing additional output register may help in improving timing.
INFO: [Synth 8-7052] The timing for the instance display_control/ImageData/MemoryArray_reg_5_0 (implemented as a Block RAM) might be sub-optimal as no optional output register could be merged into the ram block. Providing additional output register may help in improving timing.
INFO: [Synth 8-7052] The timing for the instance display_control/ImageData/MemoryArray_reg_5_1 (implemented as a Block RAM) might be sub-optimal as no optional output register could be merged into the ram block. Providing additional output register may help in improving timing.
INFO: [Synth 8-7052] The timing for the instance display_control/ImageData/MemoryArray_reg_5_2 (implemented as a Block RAM) might be sub-optimal as no optional output register could be merged into the ram block. Providing additional output register may help in improving timing.
INFO: [Synth 8-7052] The timing for the instance display_control/ImageData/MemoryArray_reg_5_3 (implemented as a Block RAM) might be sub-optimal as no optional output register could be merged into the ram block. Providing additional output register may help in improving timing.
INFO: [Synth 8-7052] The timing for the instance display_control/ImageData/MemoryArray_reg_5_4 (implemented as a Block RAM) might be sub-optimal as no optional output register could be merged into the ram block. Providing additional output register may help in improving timing.
INFO: [Synth 8-7052] The timing for the instance display_control/ImageData/MemoryArray_reg_5_5 (implemented as a Block RAM) might be sub-optimal as no optional output register could be merged into the ram block. Providing additional output register may help in improving timing.
INFO: [Synth 8-7052] The timing for the instance display_control/ImageData/MemoryArray_reg_5_6 (implemented as a Block RAM) might be sub-optimal as no optional output register could be merged into the ram block. Providing additional output register may help in improving timing.
INFO: [Synth 8-7052] The timing for the instance display_control/ImageData/MemoryArray_reg_5_7 (implemented as a Block RAM) might be sub-optimal as no optional output register could be merged into the ram block. Providing additional output register may help in improving timing.
INFO: [Synth 8-7052] The timing for the instance display_control/ImageData/MemoryArray_reg_7_0 (implemented as a Block RAM) might be sub-optimal as no optional output register could be merged into the ram block. Providing additional output register may help in improving timing.
INFO: [Synth 8-7052] The timing for the instance display_control/ImageData/MemoryArray_reg_7_1 (implemented as a Block RAM) might be sub-optimal as no optional output register could be merged into the ram block. Providing additional output register may help in improving timing.
INFO: [Synth 8-7052] The timing for the instance display_control/ImageData/MemoryArray_reg_7_2 (implemented as a Block RAM) might be sub-optimal as no optional output register could be merged into the ram block. Providing additional output register may help in improving timing.
INFO: [Synth 8-7052] The timing for the instance display_control/ImageData/MemoryArray_reg_7_3 (implemented as a Block RAM) might be sub-optimal as no optional output register could be merged into the ram block. Providing additional output register may help in improving timing.
INFO: [Synth 8-7052] The timing for the instance display_control/ImageData/MemoryArray_reg_7_4 (implemented as a Block RAM) might be sub-optimal as no optional output register could be merged into the ram block. Providing additional output register may help in improving timing.
INFO: [Synth 8-7052] The timing for the instance display_control/ImageData/MemoryArray_reg_7_5 (implemented as a Block RAM) might be sub-optimal as no optional output register could be merged into the ram block. Providing additional output register may help in improving timing.
INFO: [Synth 8-7052] The timing for the instance display_control/ImageData/MemoryArray_reg_7_6 (implemented as a Block RAM) might be sub-optimal as no optional output register could be merged into the ram block. Providing additional output register may help in improving timing.
INFO: [Synth 8-7052] The timing for the instance display_control/ImageData/MemoryArray_reg_7_7 (implemented as a Block RAM) might be sub-optimal as no optional output register could be merged into the ram block. Providing additional output register may help in improving timing.
INFO: [Synth 8-7052] The timing for the instance display_control/ImageData/MemoryArray_reg_9_0 (implemented as a Block RAM) might be sub-optimal as no optional output register could be merged into the ram block. Providing additional output register may help in improving timing.
INFO: [Synth 8-7052] The timing for the instance display_control/ImageData/MemoryArray_reg_9_1 (implemented as a Block RAM) might be sub-optimal as no optional output register could be merged into the ram block. Providing additional output register may help in improving timing.
INFO: [Synth 8-7052] The timing for the instance display_control/ImageData/MemoryArray_reg_9_2 (implemented as a Block RAM) might be sub-optimal as no optional output register could be merged into the ram block. Providing additional output register may help in improving timing.
INFO: [Synth 8-7052] The timing for the instance display_control/ImageData/MemoryArray_reg_9_3 (implemented as a Block RAM) might be sub-optimal as no optional output register could be merged into the ram block. Providing additional output register may help in improving timing.
INFO: [Synth 8-7052] The timing for the instance display_control/ImageData/MemoryArray_reg_9_4 (implemented as a Block RAM) might be sub-optimal as no optional output register could be merged into the ram block. Providing additional output register may help in improving timing.
INFO: [Synth 8-7052] The timing for the instance display_control/ImageData/MemoryArray_reg_9_5 (implemented as a Block RAM) might be sub-optimal as no optional output register could be merged into the ram block. Providing additional output register may help in improving timing.
INFO: [Synth 8-7052] The timing for the instance display_control/ImageData/MemoryArray_reg_9_6 (implemented as a Block RAM) might be sub-optimal as no optional output register could be merged into the ram block. Providing additional output register may help in improving timing.
INFO: [Synth 8-7052] The timing for the instance display_control/ImageData/MemoryArray_reg_9_7 (implemented as a Block RAM) might be sub-optimal as no optional output register could be merged into the ram block. Providing additional output register may help in improving timing.
INFO: [Synth 8-7052] The timing for the instance display_control/ColorPalette/MemoryArray_reg (implemented as a Block RAM) might be sub-optimal as no optional output register could be merged into the ram block. Providing additional output register may help in improving timing.
INFO: [Synth 8-7052] The timing for the instance display_control/SPRITE/MemoryArray_reg (implemented as a Block RAM) might be sub-optimal as no optional output register could be merged into the ram block. Providing additional output register may help in improving timing.
INFO: [Synth 8-7052] The timing for the instance display_control/SPRITE_game_over/MemoryArray_reg_0_0 (implemented as a Block RAM) might be sub-optimal as no optional output register could be merged into the ram block. Providing additional output register may help in improving timing.
INFO: [Synth 8-7052] The timing for the instance display_control/SPRITE_pause/MemoryArray_reg_0_0 (implemented as a Block RAM) might be sub-optimal as no optional output register could be merged into the ram block. Providing additional output register may help in improving timing.
---------------------------------------------------------------------------------
Finished Technology Mapping : Time (s): cpu = 00:01:13 ; elapsed = 00:01:14 . Memory (MB): peak = 1259.199 ; gain = 224.785
---------------------------------------------------------------------------------
---------------------------------------------------------------------------------
Start IO Insertion
---------------------------------------------------------------------------------
---------------------------------------------------------------------------------
Start Flattening Before IO Insertion
---------------------------------------------------------------------------------
---------------------------------------------------------------------------------
Finished Flattening Before IO Insertion
---------------------------------------------------------------------------------
---------------------------------------------------------------------------------
Start Final Netlist Cleanup
---------------------------------------------------------------------------------
---------------------------------------------------------------------------------
Finished Final Netlist Cleanup
---------------------------------------------------------------------------------
---------------------------------------------------------------------------------
Finished IO Insertion : Time (s): cpu = 00:01:18 ; elapsed = 00:01:19 . Memory (MB): peak = 1259.199 ; gain = 224.785
---------------------------------------------------------------------------------
---------------------------------------------------------------------------------
Start Renaming Generated Instances
---------------------------------------------------------------------------------
---------------------------------------------------------------------------------
Finished Renaming Generated Instances : Time (s): cpu = 00:01:18 ; elapsed = 00:01:19 . Memory (MB): peak = 1259.199 ; gain = 224.785
---------------------------------------------------------------------------------
---------------------------------------------------------------------------------
Start Rebuilding User Hierarchy
---------------------------------------------------------------------------------
---------------------------------------------------------------------------------
Finished Rebuilding User Hierarchy : Time (s): cpu = 00:01:18 ; elapsed = 00:01:20 . Memory (MB): peak = 1259.199 ; gain = 224.785
---------------------------------------------------------------------------------
---------------------------------------------------------------------------------
Start Renaming Generated Ports
---------------------------------------------------------------------------------
---------------------------------------------------------------------------------
Finished Renaming Generated Ports : Time (s): cpu = 00:01:18 ; elapsed = 00:01:20 . Memory (MB): peak = 1259.199 ; gain = 224.785
---------------------------------------------------------------------------------
---------------------------------------------------------------------------------
Start Handling Custom Attributes
---------------------------------------------------------------------------------
---------------------------------------------------------------------------------
Finished Handling Custom Attributes : Time (s): cpu = 00:01:19 ; elapsed = 00:01:20 . Memory (MB): peak = 1259.199 ; gain = 224.785
---------------------------------------------------------------------------------
---------------------------------------------------------------------------------
Start Renaming Generated Nets
---------------------------------------------------------------------------------
---------------------------------------------------------------------------------
Finished Renaming Generated Nets : Time (s): cpu = 00:01:19 ; elapsed = 00:01:20 . Memory (MB): peak = 1259.199 ; gain = 224.785
---------------------------------------------------------------------------------
---------------------------------------------------------------------------------
Start Writing Synthesis Report
---------------------------------------------------------------------------------

Report BlackBoxes: 
+-+--------------+----------+
| |BlackBox name |Instances |
+-+--------------+----------+
+-+--------------+----------+

Report Cell Usage: 
+------+---------+------+
|      |Cell     |Count |
+------+---------+------+
|1     |BUFG     |     3|
|2     |CARRY4   |   154|
|3     |DSP48E1  |     8|
|7     |LUT1     |   196|
|8     |LUT2     |   770|
|9     |LUT3     |   289|
|10    |LUT4     |   435|
|11    |LUT5     |   562|
|12    |LUT6     |  1738|
|13    |MUXF7    |     6|
|14    |RAMB18E1 |     2|
|16    |RAMB36E1 |    86|
|29    |FDCE     |  1270|
|30    |FDRE     |   467|
|31    |IBUF     |     4|
|32    |OBUF     |    32|
+------+---------+------+
---------------------------------------------------------------------------------
Finished Writing Synthesis Report : Time (s): cpu = 00:01:19 ; elapsed = 00:01:20 . Memory (MB): peak = 1259.199 ; gain = 224.785
---------------------------------------------------------------------------------
Synthesis finished with 0 errors, 0 critical warnings and 0 warnings.
Synthesis Optimization Runtime : Time (s): cpu = 00:01:06 ; elapsed = 00:01:17 . Memory (MB): peak = 1259.199 ; gain = 178.273
Synthesis Optimization Complete : Time (s): cpu = 00:01:19 ; elapsed = 00:01:20 . Memory (MB): peak = 1259.199 ; gain = 224.785
INFO: [Project 1-571] Translating synthesized netlist
Netlist sorting complete. Time (s): cpu = 00:00:00 ; elapsed = 00:00:00.158 . Memory (MB): peak = 1259.199 ; gain = 0.000
INFO: [Netlist 29-17] Analyzing 256 Unisim elements for replacement
INFO: [Netlist 29-28] Unisim Transformation completed in 0 CPU seconds
INFO: [Project 1-570] Preparing netlist for logic optimization
INFO: [Opt 31-138] Pushed 1 inverter(s) to 2 load pin(s).
Netlist sorting complete. Time (s): cpu = 00:00:00 ; elapsed = 00:00:00.004 . Memory (MB): peak = 1259.199 ; gain = 0.000
INFO: [Project 1-111] Unisim Transformation Summary:
No Unisim elements were transformed.

INFO: [Common 17-83] Releasing license: Synthesis
201 Infos, 36 Warnings, 6 Critical Warnings and 0 Errors encountered.
synth_design completed successfully
synth_design: Time (s): cpu = 00:01:27 ; elapsed = 00:01:29 . Memory (MB): peak = 1259.199 ; gain = 245.094
INFO: [Common 17-1381] The checkpoint 'C:/Users/rodri/ECE350/final-project-team-18/final_project/final_project.runs/synth_1/DINO.dcp' has been generated.
INFO: [runtcl-4] Executing : report_utilization -file DINO_utilization_synth.rpt -pb DINO_utilization_synth.pb
INFO: [Common 17-206] Exiting Vivado at Wed Apr 20 12:58:14 2022...
