Copyright 1986-2020 Xilinx, Inc. All Rights Reserved.
------------------------------------------------------------------------------------
| Tool Version : Vivado v.2020.1 (win64) Build 2902540 Wed May 27 19:54:49 MDT 2020
| Date         : Wed Apr 20 12:59:21 2022
| Host         : DESKTOP-1ABTAGV running 64-bit major release  (build 9200)
| Command      : report_control_sets -verbose -file DINO_control_sets_placed.rpt
| Design       : DINO
| Device       : xc7a100t
------------------------------------------------------------------------------------

Control Set Information

Table of Contents
-----------------
1. Summary
2. Histogram
3. Flip-Flop Distribution
4. Detailed Control Set Information

1. Summary
----------

+----------------------------------------------------------+-------+
|                          Status                          | Count |
+----------------------------------------------------------+-------+
| Total control sets                                       |    62 |
|    Minimum number of control sets                        |    62 |
|    Addition due to synthesis replication                 |     0 |
|    Addition due to physical synthesis replication        |     0 |
| Unused register locations in slices containing registers |   128 |
+----------------------------------------------------------+-------+
* Control sets can be merged at opt_design using control_set_merge or merge_equivalent_drivers
** Run report_qor_suggestions for automated merging and remapping suggestions


2. Histogram
------------

+--------------------+-------+
|       Fanout       | Count |
+--------------------+-------+
| Total control sets |    62 |
| >= 0 to < 4        |     7 |
| >= 4 to < 6        |     9 |
| >= 6 to < 8        |     1 |
| >= 8 to < 10       |     0 |
| >= 10 to < 12      |     2 |
| >= 12 to < 14      |     1 |
| >= 14 to < 16      |     1 |
| >= 16              |    41 |
+--------------------+-------+
* Control sets can be remapped at either synth_design or opt_design


3. Flip-Flop Distribution
-------------------------

+--------------+-----------------------+------------------------+-----------------+--------------+
| Clock Enable | Synchronous Set/Reset | Asynchronous Set/Reset | Total Registers | Total Slices |
+--------------+-----------------------+------------------------+-----------------+--------------+
| No           | No                    | No                     |              38 |           26 |
| No           | No                    | Yes                    |             225 |          135 |
| No           | Yes                   | No                     |              62 |           16 |
| Yes          | No                    | No                     |             242 |           72 |
| Yes          | No                    | Yes                    |            1046 |          520 |
| Yes          | Yes                   | No                     |             131 |           33 |
+--------------+-----------------------+------------------------+-----------------+--------------+


4. Detailed Control Set Information
-----------------------------------

+----------------------------------------------+-----------------------------------------------+--------------------------------------------------+------------------+----------------+--------------+
|                 Clock Signal                 |                 Enable Signal                 |                 Set/Reset Signal                 | Slice Load Count | Bel Load Count | Bels / Slice |
+----------------------------------------------+-----------------------------------------------+--------------------------------------------------+------------------+----------------+--------------+
|  CPU/RegisterFile/reg25/loop1[1].DFF/q_reg_0 |                                               | reset_IBUF                                       |                1 |              1 |         1.00 |
|  processor_clk_BUFG                          |                                               |                                                  |                1 |              1 |         1.00 |
| ~processor_clk_BUFG                          | CPU/CPU/my_dx/loop1[30].dffe_ir/p_2_in        | CPU/CPU/execute_stage/multdiv1/div/multdiv_ready |                1 |              1 |         1.00 |
|  CPU/RegisterFile/reg25/loop1[0].DFF/q_reg_0 |                                               | reset_IBUF                                       |                2 |              2 |         1.00 |
|  CPU/RegisterFile/reg25/loop1[0].DFF/q_reg_0 |                                               |                                                  |                2 |              3 |         1.50 |
|  CPU/RegisterFile/reg25/loop1[1].DFF/q_reg_0 |                                               |                                                  |                3 |              3 |         1.00 |
|  Score_Display/refresh/CLK                   |                                               |                                                  |                1 |              3 |         3.00 |
|  q0_reg[3]_i_4_n_0                           | CPU/RegisterFile/reg28/loop1[1].DFF/E[0]      | Score_Display/BCD_counter/q0[3]_i_1_n_0          |                1 |              4 |         4.00 |
|  q0_reg[3]_i_4_n_0                           | Score_Display/BCD_counter/q7                  | Score_Display/BCD_counter/q7[3]_i_1_n_0          |                1 |              4 |         4.00 |
|  q0_reg[3]_i_4_n_0                           | Score_Display/BCD_counter/q5                  | Score_Display/BCD_counter/q5[3]_i_1_n_0          |                1 |              4 |         4.00 |
|  q0_reg[3]_i_4_n_0                           | Score_Display/BCD_counter/q6                  | Score_Display/BCD_counter/q6[3]_i_1_n_0          |                1 |              4 |         4.00 |
|  q0_reg[3]_i_4_n_0                           | Score_Display/BCD_counter/q2                  | Score_Display/BCD_counter/q2[3]_i_1_n_0          |                1 |              4 |         4.00 |
|  q0_reg[3]_i_4_n_0                           | Score_Display/BCD_counter/q4                  | Score_Display/BCD_counter/q4[3]_i_1_n_0          |                1 |              4 |         4.00 |
|  q0_reg[3]_i_4_n_0                           | Score_Display/BCD_counter/q1                  | Score_Display/BCD_counter/q1[3]_i_1_n_0          |                1 |              4 |         4.00 |
|  q0_reg[3]_i_4_n_0                           | Score_Display/BCD_counter/q3                  | Score_Display/BCD_counter/q3[3]_i_1_n_0          |                2 |              4 |         2.00 |
|  processor_clk_BUFG                          |                                               | reset_IBUF                                       |                3 |              4 |         1.33 |
| ~processor_clk_BUFG                          | CPU/CPU/execute_stage/multdiv1/mult/busy1_out | CPU/CPU/my_dx/loop1[3].dffe_ir/busy_reg_0[0]     |                2 |              6 |         3.00 |
|  display_control/clk25                       | display_control/Display/vPos                  | reset_IBUF                                       |                5 |             10 |         2.00 |
|  display_control/clk25                       |                                               | reset_IBUF                                       |                5 |             10 |         2.00 |
| ~processor_clk_BUFG                          |                                               |                                                  |                6 |             13 |         2.17 |
|  clk_IBUF_BUFG                               |                                               |                                                  |               13 |             15 |         1.15 |
|  clk_IBUF_BUFG                               |                                               | Score_Display/refresh/divided_clk                |                8 |             31 |         3.88 |
|  clk_IBUF_BUFG                               |                                               | Score_Display/update/divided_clk                 |                8 |             31 |         3.88 |
| ~processor_clk_BUFG                          | CPU/CPU/P[32]_i_1_n_0                         | CPU/CPU/my_dx/loop1[30].dffe_ir/q_reg_4          |                8 |             31 |         3.88 |
| ~processor_clk_BUFG                          | CPU/CPU/my_dx/loop1[30].dffe_ir/busy_reg      | CPU/CPU/my_pw/loop1[1].dffe_b/SR[0]              |                6 |             31 |         5.17 |
| ~processor_clk_BUFG                          | CPU/CPU/my_dx/loop1[3].dffe_ir/q_reg_4        | CPU/CPU/my_dx/loop1[3].dffe_ir/q_reg_2           |                8 |             31 |         3.88 |
|  processor_clk_BUFG                          | CPU/CPU/my_mw/dffe_ovf/out_decoder_W[3]       | reset_IBUF                                       |               27 |             32 |         1.19 |
|  processor_clk_BUFG                          | CPU/CPU/my_mw/dffe_ovf/out_decoder_W[4]       | reset_IBUF                                       |               16 |             32 |         2.00 |
|  processor_clk_BUFG                          | CPU/CPU/my_mw/dffe_ovf/out_decoder_W[5]       | reset_IBUF                                       |               12 |             32 |         2.67 |
|  processor_clk_BUFG                          | CPU/CPU/my_mw/dffe_ovf/out_decoder_W[8]       | reset_IBUF                                       |               16 |             32 |         2.00 |
|  processor_clk_BUFG                          | CPU/CPU/my_mw/dffe_ovf/out_decoder_W[22]      | reset_IBUF                                       |               24 |             32 |         1.33 |
|  processor_clk_BUFG                          | CPU/CPU/my_mw/dffe_ovf/out_decoder_W[14]      | reset_IBUF                                       |               18 |             32 |         1.78 |
|  processor_clk_BUFG                          | CPU/CPU/my_mw/dffe_ovf/out_decoder_W[10]      | reset_IBUF                                       |               19 |             32 |         1.68 |
|  processor_clk_BUFG                          | CPU/CPU/my_mw/dffe_ovf/out_decoder_W[26]      | reset_IBUF                                       |               12 |             32 |         2.67 |
|  processor_clk_BUFG                          | CPU/CPU/my_mw/dffe_ovf/out_decoder_W[20]      | reset_IBUF                                       |               14 |             32 |         2.29 |
|  processor_clk_BUFG                          | CPU/CPU/my_mw/dffe_ovf/out_decoder_W[24]      | reset_IBUF                                       |               12 |             32 |         2.67 |
|  processor_clk_BUFG                          | CPU/CPU/my_mw/dffe_ovf/out_decoder_W[25]      | reset_IBUF                                       |               12 |             32 |         2.67 |
|  processor_clk_BUFG                          | CPU/CPU/my_mw/dffe_ovf/out_decoder_W[7]       | reset_IBUF                                       |               10 |             32 |         3.20 |
|  processor_clk_BUFG                          | CPU/CPU/my_mw/dffe_ovf/out_decoder_W[21]      | reset_IBUF                                       |               13 |             32 |         2.46 |
|  processor_clk_BUFG                          | CPU/CPU/my_mw/dffe_ovf/out_decoder_W[9]       | reset_IBUF                                       |               19 |             32 |         1.68 |
|  processor_clk_BUFG                          | CPU/CPU/my_mw/dffe_ovf/out_decoder_W[16]      | reset_IBUF                                       |               13 |             32 |         2.46 |
|  processor_clk_BUFG                          | CPU/CPU/my_mw/dffe_ovf/out_decoder_W[15]      | reset_IBUF                                       |               19 |             32 |         1.68 |
|  processor_clk_BUFG                          | CPU/CPU/my_mw/dffe_ovf/out_decoder_W[17]      | reset_IBUF                                       |               14 |             32 |         2.29 |
|  processor_clk_BUFG                          | CPU/CPU/my_mw/dffe_ovf/out_decoder_W[6]       | reset_IBUF                                       |               11 |             32 |         2.91 |
|  processor_clk_BUFG                          | CPU/CPU/my_mw/dffe_ovf/out_decoder_W[13]      | reset_IBUF                                       |               10 |             32 |         3.20 |
|  processor_clk_BUFG                          | CPU/CPU/my_mw/dffe_ovf/out_decoder_W[12]      | reset_IBUF                                       |               13 |             32 |         2.46 |
|  processor_clk_BUFG                          | CPU/CPU/my_mw/dffe_ovf/out_decoder_W[11]      | reset_IBUF                                       |               10 |             32 |         3.20 |
|  processor_clk_BUFG                          | CPU/CPU/my_mw/dffe_ovf/out_decoder_W[19]      | reset_IBUF                                       |               20 |             32 |         1.60 |
| ~processor_clk_BUFG                          | CPU/CPU/my_dx/loop1[30].dffe_ir/busy_reg      |                                                  |                8 |             32 |         4.00 |
|  processor_clk_BUFG                          | CPU/CPU/my_dx/loop1[30].dffe_ir/en0           | reset_IBUF                                       |               22 |             32 |         1.45 |
|  processor_clk_BUFG                          | CPU/CPU/my_mw/dffe_ovf/out_decoder_W[0]       | reset_IBUF                                       |               17 |             32 |         1.88 |
|  processor_clk_BUFG                          | CPU/CPU/my_mw/dffe_ovf/out_decoder_W[18]      | reset_IBUF                                       |               16 |             32 |         2.00 |
| ~processor_clk_BUFG                          | CPU/CPU/my_dx/loop1[3].dffe_ir/q_reg_4        |                                                  |               11 |             32 |         2.91 |
|  processor_clk_BUFG                          | CPU/CPU/my_mw/dffe_ovf/out_decoder_W[1]       | reset_IBUF                                       |               16 |             32 |         2.00 |
|  processor_clk_BUFG                          | CPU/CPU/my_mw/dffe_ovf/out_decoder_W[2]       | reset_IBUF                                       |               29 |             32 |         1.10 |
|  processor_clk_BUFG                          | CPU/CPU/my_mw/dffe_ovf/out_decoder_W[23]      | reset_IBUF                                       |               23 |             33 |         1.43 |
| ~processor_clk_BUFG                          | CPU/CPU/P[32]_i_1_n_0                         |                                                  |               16 |             33 |         2.06 |
| ~processor_clk_BUFG                          | CPU/CPU/my_dx/loop1[30].dffe_ir/en0           | reset_IBUF                                       |               20 |             60 |         3.00 |
| ~processor_clk_BUFG                          | CPU/CPU/my_dx/loop1[3].dffe_ir/E[0]           |                                                  |               16 |             64 |         4.00 |
|  processor_clk_BUFG                          | CPU/CPU/my_dx/loop1[30].dffe_ir/p_2_in        | reset_IBUF                                       |               37 |             78 |         2.11 |
| ~processor_clk_BUFG                          | CPU/CPU/my_dx/loop1[30].dffe_ir/q_reg_4       |                                                  |               21 |             81 |         3.86 |
| ~processor_clk_BUFG                          |                                               | reset_IBUF                                       |              124 |            208 |         1.68 |
+----------------------------------------------+-----------------------------------------------+--------------------------------------------------+------------------+----------------+--------------+


