
*** Running vivado
    with args -log DINO.vdi -applog -m64 -product Vivado -messageDb vivado.pb -mode batch -source DINO.tcl -notrace



****** Vivado v2020.1 (64-bit)
  **** SW Build 2902540 on Wed May 27 19:54:49 MDT 2020
  **** IP Build 2902112 on Wed May 27 22:43:36 MDT 2020
    ** Copyright 1986-2020 Xilinx, Inc. All Rights Reserved.

source DINO.tcl -notrace
Command: link_design -top DINO -part xc7a100tcsg324-1
Design is defaulting to srcset: sources_1
Design is defaulting to constrset: constrs_1
INFO: [Device 21-403] Loading part xc7a100tcsg324-1
INFO: [Project 1-454] Reading design checkpoint 'c:/Users/rodri/ECE350/final-project-team-18/project_5/project_5.srcs/sources_1/ip/ila_0/ila_0.dcp' for cell 'debugger'
Netlist sorting complete. Time (s): cpu = 00:00:01 ; elapsed = 00:00:00.262 . Memory (MB): peak = 1014.875 ; gain = 0.000
INFO: [Netlist 29-17] Analyzing 733 Unisim elements for replacement
INFO: [Netlist 29-28] Unisim Transformation completed in 0 CPU seconds
INFO: [Project 1-479] Netlist was created with Vivado 2020.1
INFO: [Project 1-570] Preparing netlist for logic optimization
INFO: [Chipscope 16-324] Core: debugger UUID: be58990e-d933-5a1b-be82-dcb6093f493e 
Parsing XDC File [c:/Users/rodri/ECE350/final-project-team-18/project_5/project_5.srcs/sources_1/ip/ila_0/ila_v6_2/constraints/ila_impl.xdc] for cell 'debugger/inst'
Finished Parsing XDC File [c:/Users/rodri/ECE350/final-project-team-18/project_5/project_5.srcs/sources_1/ip/ila_0/ila_v6_2/constraints/ila_impl.xdc] for cell 'debugger/inst'
Parsing XDC File [c:/Users/rodri/ECE350/final-project-team-18/project_5/project_5.srcs/sources_1/ip/ila_0/ila_v6_2/constraints/ila.xdc] for cell 'debugger/inst'
Finished Parsing XDC File [c:/Users/rodri/ECE350/final-project-team-18/project_5/project_5.srcs/sources_1/ip/ila_0/ila_v6_2/constraints/ila.xdc] for cell 'debugger/inst'
Parsing XDC File [C:/Users/rodri/ECE350/final-project-team-18/VGA/constraints.xdc]
CRITICAL WARNING: [Designutils 20-1307] Command '//' is not supported in the xdc constraint file. [C:/Users/rodri/ECE350/final-project-team-18/VGA/constraints.xdc:1]
CRITICAL WARNING: [Designutils 20-1307] Command '//' is not supported in the xdc constraint file. [C:/Users/rodri/ECE350/final-project-team-18/VGA/constraints.xdc:5]
WARNING: [Vivado 12-584] No ports matched 'reset'. [C:/Users/rodri/ECE350/final-project-team-18/VGA/constraints.xdc:6]
CRITICAL WARNING: [Common 17-55] 'set_property' expects at least one object. [C:/Users/rodri/ECE350/final-project-team-18/VGA/constraints.xdc:6]
Resolution: If [get_<value>] was used to populate the object, check to make sure this command returns at least one valid object.
WARNING: [Vivado 12-584] No ports matched 'reset'. [C:/Users/rodri/ECE350/final-project-team-18/VGA/constraints.xdc:7]
CRITICAL WARNING: [Common 17-55] 'set_property' expects at least one object. [C:/Users/rodri/ECE350/final-project-team-18/VGA/constraints.xdc:7]
Resolution: If [get_<value>] was used to populate the object, check to make sure this command returns at least one valid object.
CRITICAL WARNING: [Designutils 20-1307] Command '//' is not supported in the xdc constraint file. [C:/Users/rodri/ECE350/final-project-team-18/VGA/constraints.xdc:9]
CRITICAL WARNING: [Designutils 20-1307] Command '//' is not supported in the xdc constraint file. [C:/Users/rodri/ECE350/final-project-team-18/VGA/constraints.xdc:36]
CRITICAL WARNING: [Designutils 20-1307] Command '//' is not supported in the xdc constraint file. [C:/Users/rodri/ECE350/final-project-team-18/VGA/constraints.xdc:43]
Finished Parsing XDC File [C:/Users/rodri/ECE350/final-project-team-18/VGA/constraints.xdc]
INFO: [Opt 31-138] Pushed 0 inverter(s) to 0 load pin(s).
Netlist sorting complete. Time (s): cpu = 00:00:00 ; elapsed = 00:00:00.010 . Memory (MB): peak = 1014.875 ; gain = 0.000
INFO: [Project 1-111] Unisim Transformation Summary:
  A total of 280 instances were transformed.
  CFGLUT5 => CFGLUT5 (SRL16E, SRLC32E): 248 instances
  RAM64M => RAM64M (RAMD64E(x4)): 32 instances

9 Infos, 2 Warnings, 7 Critical Warnings and 0 Errors encountered.
link_design completed successfully
link_design: Time (s): cpu = 00:00:11 ; elapsed = 00:00:12 . Memory (MB): peak = 1014.875 ; gain = 0.000
INFO: [Common 17-600] The following parameters have non-default value.
tcl.collectionResultDisplayLimit
Command: opt_design
Attempting to get a license for feature 'Implementation' and/or device 'xc7a100t'
INFO: [Common 17-349] Got license for feature 'Implementation' and/or device 'xc7a100t'
Running DRC as a precondition to command opt_design

Starting DRC Task
INFO: [DRC 23-27] Running DRC with 2 threads
WARNING: [DRC RPBF-3] IO port buffering is incomplete: Device port ps2_clk expects both input and output buffering but the buffers are incomplete.
WARNING: [DRC RPBF-3] IO port buffering is incomplete: Device port ps2_data expects both input and output buffering but the buffers are incomplete.
INFO: [Project 1-461] DRC finished with 0 Errors, 2 Warnings
INFO: [Project 1-462] Please refer to the DRC report (report_drc) for more information.

Time (s): cpu = 00:00:03 ; elapsed = 00:00:01 . Memory (MB): peak = 1014.875 ; gain = 0.000

Starting Cache Timing Information Task
INFO: [Timing 38-35] Done setting XDC timing constraints.
Ending Cache Timing Information Task | Checksum: 187d950bd

Time (s): cpu = 00:00:09 ; elapsed = 00:00:09 . Memory (MB): peak = 1357.387 ; gain = 342.512

Starting Logic Optimization Task

Phase 1 Generate And Synthesize Debug Cores
INFO: [Chipscope 16-329] Generating Script for core instance : dbg_hub 
INFO: [IP_Flow 19-3806] Processing IP xilinx.com:ip:xsdbm:3.0 for cell dbg_hub_CV.
INFO: [Chipscope 16-469] Using cached IP synthesis design for IP xilinx.com:ip:xsdbm:3.0, cache-ID = c90534bd3dba2934.
CRITICAL WARNING: [Common 17-55] 'get_property' expects at least one object. [c:/Users/rodri/ECE350/final-project-team-18/project_5/project_5.runs/impl_1/.Xil/Vivado-19472-DESKTOP-1ABTAGV/dbg_hub_CV.0/out/xsdbm_cc_late_late.xdc:10]
Resolution: If [get_<value>] was used to populate the object, check to make sure this command returns at least one valid object.
CRITICAL WARNING: [Common 17-1548] Command failed: can't read "wr_clk_period": no such variable
 [c:/Users/rodri/ECE350/final-project-team-18/project_5/project_5.runs/impl_1/.Xil/Vivado-19472-DESKTOP-1ABTAGV/dbg_hub_CV.0/out/xsdbm_cc_late_late.xdc:12]
CRITICAL WARNING: [Common 17-1548] Command failed: can't read "skew_value": no such variable
 [c:/Users/rodri/ECE350/final-project-team-18/project_5/project_5.runs/impl_1/.Xil/Vivado-19472-DESKTOP-1ABTAGV/dbg_hub_CV.0/out/xsdbm_cc_late_late.xdc:17]
CRITICAL WARNING: [Common 17-55] 'get_property' expects at least one object. [c:/Users/rodri/ECE350/final-project-team-18/project_5/project_5.runs/impl_1/.Xil/Vivado-19472-DESKTOP-1ABTAGV/dbg_hub_CV.0/out/xsdbm_cc_late_late.xdc:19]
Resolution: If [get_<value>] was used to populate the object, check to make sure this command returns at least one valid object.
CRITICAL WARNING: [Common 17-1548] Command failed: can't read "skew_value": no such variable
 [c:/Users/rodri/ECE350/final-project-team-18/project_5/project_5.runs/impl_1/.Xil/Vivado-19472-DESKTOP-1ABTAGV/dbg_hub_CV.0/out/xsdbm_cc_late_late.xdc:20]
CRITICAL WARNING: [Common 17-55] 'get_property' expects at least one object. [c:/Users/rodri/ECE350/final-project-team-18/project_5/project_5.runs/impl_1/.Xil/Vivado-19472-DESKTOP-1ABTAGV/dbg_hub_CV.0/out/xsdbm_cc_late_late.xdc:24]
Resolution: If [get_<value>] was used to populate the object, check to make sure this command returns at least one valid object.
CRITICAL WARNING: [Common 17-1548] Command failed: can't read "rd_clk_period_2": no such variable
 [c:/Users/rodri/ECE350/final-project-team-18/project_5/project_5.runs/impl_1/.Xil/Vivado-19472-DESKTOP-1ABTAGV/dbg_hub_CV.0/out/xsdbm_cc_late_late.xdc:25]
CRITICAL WARNING: [Common 17-55] 'get_property' expects at least one object. [c:/Users/rodri/ECE350/final-project-team-18/project_5/project_5.runs/impl_1/.Xil/Vivado-19472-DESKTOP-1ABTAGV/dbg_hub_CV.0/out/xsdbm_cc_late_late.xdc:32]
Resolution: If [get_<value>] was used to populate the object, check to make sure this command returns at least one valid object.
CRITICAL WARNING: [Common 17-1548] Command failed: can't read "skew_value_2": no such variable
 [c:/Users/rodri/ECE350/final-project-team-18/project_5/project_5.runs/impl_1/.Xil/Vivado-19472-DESKTOP-1ABTAGV/dbg_hub_CV.0/out/xsdbm_cc_late_late.xdc:33]
CRITICAL WARNING: [Common 17-1548] Command failed: can't read "skew_value_2": no such variable
 [c:/Users/rodri/ECE350/final-project-team-18/project_5/project_5.runs/impl_1/.Xil/Vivado-19472-DESKTOP-1ABTAGV/dbg_hub_CV.0/out/xsdbm_cc_late_late.xdc:36]
Netlist sorting complete. Time (s): cpu = 00:00:00 ; elapsed = 00:00:00.040 . Memory (MB): peak = 1608.043 ; gain = 0.000
Phase 1 Generate And Synthesize Debug Cores | Checksum: 1f7dbbdee

Time (s): cpu = 00:00:03 ; elapsed = 00:00:12 . Memory (MB): peak = 1608.043 ; gain = 36.145

Phase 2 Retarget
INFO: [Opt 31-138] Pushed 1 inverter(s) to 718 load pin(s).
INFO: [Opt 31-49] Retargeted 0 cell(s).
Phase 2 Retarget | Checksum: 205deec8d

Time (s): cpu = 00:00:04 ; elapsed = 00:00:13 . Memory (MB): peak = 1608.043 ; gain = 36.145
INFO: [Opt 31-389] Phase Retarget created 4 cells and removed 70 cells
INFO: [Opt 31-1021] In phase Retarget, 125 netlist objects are constrained preventing optimization. Please run opt_design with -debug_log to get more detail. 

Phase 3 Constant propagation
INFO: [Opt 31-138] Pushed 0 inverter(s) to 0 load pin(s).
Phase 3 Constant propagation | Checksum: 25c79abfb

Time (s): cpu = 00:00:04 ; elapsed = 00:00:13 . Memory (MB): peak = 1608.043 ; gain = 36.145
INFO: [Opt 31-389] Phase Constant propagation created 29 cells and removed 165 cells
INFO: [Opt 31-1021] In phase Constant propagation, 111 netlist objects are constrained preventing optimization. Please run opt_design with -debug_log to get more detail. 

Phase 4 Sweep
Phase 4 Sweep | Checksum: 1a32751bd

Time (s): cpu = 00:00:04 ; elapsed = 00:00:14 . Memory (MB): peak = 1608.043 ; gain = 36.145
INFO: [Opt 31-389] Phase Sweep created 0 cells and removed 77 cells
INFO: [Opt 31-1021] In phase Sweep, 1051 netlist objects are constrained preventing optimization. Please run opt_design with -debug_log to get more detail. 

Phase 5 BUFG optimization
INFO: [Opt 31-194] Inserted BUFG processor_clock_divider/clock_BUFG_inst to drive 1716 load(s) on clock net processor_clock_divider/clock_BUFG
INFO: [Opt 31-193] Inserted 1 BUFG(s) on clock nets
Phase 5 BUFG optimization | Checksum: 165e84d02

Time (s): cpu = 00:00:04 ; elapsed = 00:00:14 . Memory (MB): peak = 1608.043 ; gain = 36.145
INFO: [Opt 31-662] Phase BUFG optimization created 1 cells of which 1 are BUFGs and removed 0 cells.

Phase 6 Shift Register Optimization
INFO: [Opt 31-1064] SRL Remap converted 0 SRLs to 0 registers and converted 0 registers of register chains to 0 SRLs
Phase 6 Shift Register Optimization | Checksum: 165e84d02

Time (s): cpu = 00:00:05 ; elapsed = 00:00:14 . Memory (MB): peak = 1608.043 ; gain = 36.145
INFO: [Opt 31-389] Phase Shift Register Optimization created 0 cells and removed 0 cells

Phase 7 Post Processing Netlist
Phase 7 Post Processing Netlist | Checksum: 165e84d02

Time (s): cpu = 00:00:05 ; elapsed = 00:00:14 . Memory (MB): peak = 1608.043 ; gain = 36.145
INFO: [Opt 31-389] Phase Post Processing Netlist created 0 cells and removed 0 cells
INFO: [Opt 31-1021] In phase Post Processing Netlist, 117 netlist objects are constrained preventing optimization. Please run opt_design with -debug_log to get more detail. 
Opt_design Change Summary
=========================


-------------------------------------------------------------------------------------------------------------------------
|  Phase                        |  #Cells created  |  #Cells Removed  |  #Constrained objects preventing optimizations  |
-------------------------------------------------------------------------------------------------------------------------
|  Retarget                     |               4  |              70  |                                            125  |
|  Constant propagation         |              29  |             165  |                                            111  |
|  Sweep                        |               0  |              77  |                                           1051  |
|  BUFG optimization            |               1  |               0  |                                              0  |
|  Shift Register Optimization  |               0  |               0  |                                              0  |
|  Post Processing Netlist      |               0  |               0  |                                            117  |
-------------------------------------------------------------------------------------------------------------------------



Starting Connectivity Check Task

Time (s): cpu = 00:00:00 ; elapsed = 00:00:00.037 . Memory (MB): peak = 1608.043 ; gain = 0.000
Ending Logic Optimization Task | Checksum: 25a23f610

Time (s): cpu = 00:00:05 ; elapsed = 00:00:14 . Memory (MB): peak = 1608.043 ; gain = 36.145

Starting Power Optimization Task
INFO: [Pwropt 34-132] Skipping clock gating for clocks with a period < 2.00 ns.
INFO: [Timing 38-35] Done setting XDC timing constraints.
Running Vector-less Activity Propagation...

Finished Running Vector-less Activity Propagation
INFO: [Pwropt 34-9] Applying IDT optimizations ...
INFO: [Pwropt 34-10] Applying ODC optimizations ...


Starting PowerOpt Patch Enables Task
INFO: [Pwropt 34-162] WRITE_MODE attribute of 0 BRAM(s) out of a total of 90 has been updated to save power. Run report_power_opt to get a complete listing of the BRAMs updated.
INFO: [Pwropt 34-201] Structural ODC has moved 0 WE to EN ports
Number of BRAM Ports augmented: 46 newly gated: 3 Total Ports: 180
Number of Flops added for Enable Generation: 6

Ending PowerOpt Patch Enables Task | Checksum: 1f55585d4

Time (s): cpu = 00:00:00 ; elapsed = 00:00:00.372 . Memory (MB): peak = 1829.219 ; gain = 0.000
Ending Power Optimization Task | Checksum: 1f55585d4

Time (s): cpu = 00:00:14 ; elapsed = 00:00:10 . Memory (MB): peak = 1829.219 ; gain = 221.176

Starting Final Cleanup Task

Starting Logic Optimization Task
INFO: [Timing 38-35] Done setting XDC timing constraints.
Ending Logic Optimization Task | Checksum: 2802b7be9

Time (s): cpu = 00:00:02 ; elapsed = 00:00:02 . Memory (MB): peak = 1829.219 ; gain = 0.000
Ending Final Cleanup Task | Checksum: 2802b7be9

Time (s): cpu = 00:00:04 ; elapsed = 00:00:04 . Memory (MB): peak = 1829.219 ; gain = 0.000

Starting Netlist Obfuscation Task
Netlist sorting complete. Time (s): cpu = 00:00:00 ; elapsed = 00:00:00.012 . Memory (MB): peak = 1829.219 ; gain = 0.000
Ending Netlist Obfuscation Task | Checksum: 2802b7be9

Time (s): cpu = 00:00:00 ; elapsed = 00:00:00.012 . Memory (MB): peak = 1829.219 ; gain = 0.000
INFO: [Common 17-83] Releasing license: Implementation
47 Infos, 6 Warnings, 17 Critical Warnings and 0 Errors encountered.
opt_design completed successfully
opt_design: Time (s): cpu = 00:00:37 ; elapsed = 00:00:41 . Memory (MB): peak = 1829.219 ; gain = 814.344
INFO: [Common 17-600] The following parameters have non-default value.
tcl.collectionResultDisplayLimit
INFO: [Timing 38-35] Done setting XDC timing constraints.
INFO: [Timing 38-480] Writing timing data to binary archive.
Writing placer database...
Writing XDEF routing.
Writing XDEF routing logical nets.
Writing XDEF routing special nets.
Write XDEF Complete: Time (s): cpu = 00:00:00 ; elapsed = 00:00:00.038 . Memory (MB): peak = 1829.219 ; gain = 0.000
INFO: [Common 17-1381] The checkpoint 'C:/Users/rodri/ECE350/final-project-team-18/project_5/project_5.runs/impl_1/DINO_opt.dcp' has been generated.
INFO: [runtcl-4] Executing : report_drc -file DINO_drc_opted.rpt -pb DINO_drc_opted.pb -rpx DINO_drc_opted.rpx
Command: report_drc -file DINO_drc_opted.rpt -pb DINO_drc_opted.pb -rpx DINO_drc_opted.rpx
INFO: [IP_Flow 19-1839] IP Catalog is up to date.
INFO: [DRC 23-27] Running DRC with 2 threads
INFO: [Coretcl 2-168] The results of DRC are in file C:/Users/rodri/ECE350/final-project-team-18/project_5/project_5.runs/impl_1/DINO_drc_opted.rpt.
report_drc completed successfully
INFO: [Chipscope 16-240] Debug cores have already been implemented
Command: place_design
Attempting to get a license for feature 'Implementation' and/or device 'xc7a100t'
INFO: [Common 17-349] Got license for feature 'Implementation' and/or device 'xc7a100t'
INFO: [DRC 23-27] Running DRC with 2 threads
INFO: [Vivado_Tcl 4-198] DRC finished with 0 Errors
INFO: [Vivado_Tcl 4-199] Please refer to the DRC report (report_drc) for more information.
Running DRC as a precondition to command place_design
INFO: [DRC 23-27] Running DRC with 2 threads
INFO: [Vivado_Tcl 4-198] DRC finished with 0 Errors
INFO: [Vivado_Tcl 4-199] Please refer to the DRC report (report_drc) for more information.

Starting Placer Task
INFO: [Place 30-611] Multithreading enabled for place_design using a maximum of 2 CPUs

Phase 1 Placer Initialization

Phase 1.1 Placer Initialization Netlist Sorting
Netlist sorting complete. Time (s): cpu = 00:00:00 ; elapsed = 00:00:00.035 . Memory (MB): peak = 1829.219 ; gain = 0.000
Phase 1.1 Placer Initialization Netlist Sorting | Checksum: 1850c2f94

Time (s): cpu = 00:00:00 ; elapsed = 00:00:00.052 . Memory (MB): peak = 1829.219 ; gain = 0.000
Netlist sorting complete. Time (s): cpu = 00:00:00 ; elapsed = 00:00:00.034 . Memory (MB): peak = 1829.219 ; gain = 0.000

Phase 1.2 IO Placement/ Clock Placement/ Build Placer Device
Phase 1.2 IO Placement/ Clock Placement/ Build Placer Device | Checksum: 10d65b4a7

Time (s): cpu = 00:00:07 ; elapsed = 00:00:05 . Memory (MB): peak = 1829.219 ; gain = 0.000

Phase 1.3 Build Placer Netlist Model
Phase 1.3 Build Placer Netlist Model | Checksum: 14caaf6b8

Time (s): cpu = 00:00:15 ; elapsed = 00:00:11 . Memory (MB): peak = 1829.219 ; gain = 0.000

Phase 1.4 Constrain Clocks/Macros
Phase 1.4 Constrain Clocks/Macros | Checksum: 14caaf6b8

Time (s): cpu = 00:00:15 ; elapsed = 00:00:11 . Memory (MB): peak = 1829.219 ; gain = 0.000
Phase 1 Placer Initialization | Checksum: 14caaf6b8

Time (s): cpu = 00:00:15 ; elapsed = 00:00:11 . Memory (MB): peak = 1829.219 ; gain = 0.000

Phase 2 Global Placement

Phase 2.1 Floorplanning
Phase 2.1 Floorplanning | Checksum: 1e5313b66

Time (s): cpu = 00:00:16 ; elapsed = 00:00:11 . Memory (MB): peak = 1829.219 ; gain = 0.000

Phase 2.2 Global Placement Core

Phase 2.2.1 Physical Synthesis In Placer
INFO: [Physopt 32-1035] Found 0 LUTNM shape to break, 460 LUT instances to create LUTNM shape
INFO: [Physopt 32-1044] Break lutnm for timing: one critical 0, two critical 0, total 0, new lutff created 0
INFO: [Physopt 32-775] End 1 Pass. Optimized 198 nets or cells. Created 0 new cell, deleted 198 existing cells and moved 0 existing cell
INFO: [Physopt 32-65] No nets found for high-fanout optimization.
INFO: [Physopt 32-232] Optimized 0 net. Created 0 new instance.
INFO: [Physopt 32-775] End 1 Pass. Optimized 0 net or cell. Created 0 new cell, deleted 0 existing cell and moved 0 existing cell
INFO: [Physopt 32-670] No setup violation found.  DSP Register Optimization was not performed.
INFO: [Physopt 32-670] No setup violation found.  Shift Register to Pipeline Optimization was not performed.
INFO: [Physopt 32-670] No setup violation found.  Shift Register Optimization was not performed.
INFO: [Physopt 32-670] No setup violation found.  BRAM Register Optimization was not performed.
INFO: [Physopt 32-670] No setup violation found.  URAM Register Optimization was not performed.
INFO: [Physopt 32-949] No candidate nets found for HD net replication
INFO: [Physopt 32-775] End 1 Pass. Optimized 0 net or cell. Created 0 new cell, deleted 0 existing cell and moved 0 existing cell
Netlist sorting complete. Time (s): cpu = 00:00:01 ; elapsed = 00:00:00.037 . Memory (MB): peak = 1829.219 ; gain = 0.000

Summary of Physical Synthesis Optimizations
============================================


-----------------------------------------------------------------------------------------------------------------------------------------------------------
|  Optimization                                     |  Added Cells  |  Removed Cells  |  Optimized Cells/Nets  |  Dont Touch  |  Iterations  |  Elapsed   |
-----------------------------------------------------------------------------------------------------------------------------------------------------------
|  LUT Combining                                    |            0  |            198  |                   198  |           0  |           1  |  00:00:01  |
|  Very High Fanout                                 |            0  |              0  |                     0  |           0  |           1  |  00:00:00  |
|  DSP Register                                     |            0  |              0  |                     0  |           0  |           0  |  00:00:00  |
|  Shift Register to Pipeline                       |            0  |              0  |                     0  |           0  |           0  |  00:00:00  |
|  Shift Register                                   |            0  |              0  |                     0  |           0  |           0  |  00:00:00  |
|  BRAM Register                                    |            0  |              0  |                     0  |           0  |           0  |  00:00:00  |
|  URAM Register                                    |            0  |              0  |                     0  |           0  |           0  |  00:00:00  |
|  Dynamic/Static Region Interface Net Replication  |            0  |              0  |                     0  |           0  |           1  |  00:00:00  |
|  Total                                            |            0  |            198  |                   198  |           0  |           3  |  00:00:01  |
-----------------------------------------------------------------------------------------------------------------------------------------------------------


Phase 2.2.1 Physical Synthesis In Placer | Checksum: 16692af2f

Time (s): cpu = 00:00:50 ; elapsed = 00:00:34 . Memory (MB): peak = 1829.219 ; gain = 0.000
Phase 2.2 Global Placement Core | Checksum: 13374ec2d

Time (s): cpu = 00:00:53 ; elapsed = 00:00:36 . Memory (MB): peak = 1829.219 ; gain = 0.000
Phase 2 Global Placement | Checksum: 13374ec2d

Time (s): cpu = 00:00:54 ; elapsed = 00:00:36 . Memory (MB): peak = 1829.219 ; gain = 0.000

Phase 3 Detail Placement

Phase 3.1 Commit Multi Column Macros
Phase 3.1 Commit Multi Column Macros | Checksum: 106f71303

Time (s): cpu = 00:00:54 ; elapsed = 00:00:37 . Memory (MB): peak = 1829.219 ; gain = 0.000

Phase 3.2 Commit Most Macros & LUTRAMs
Phase 3.2 Commit Most Macros & LUTRAMs | Checksum: 119bb5175

Time (s): cpu = 00:00:56 ; elapsed = 00:00:38 . Memory (MB): peak = 1829.219 ; gain = 0.000

Phase 3.3 Area Swap Optimization
Phase 3.3 Area Swap Optimization | Checksum: ef7e136e

Time (s): cpu = 00:00:56 ; elapsed = 00:00:38 . Memory (MB): peak = 1829.219 ; gain = 0.000

Phase 3.4 Pipeline Register Optimization
Phase 3.4 Pipeline Register Optimization | Checksum: 115b7e61d

Time (s): cpu = 00:00:56 ; elapsed = 00:00:39 . Memory (MB): peak = 1829.219 ; gain = 0.000

Phase 3.5 Small Shape Detail Placement

Phase 3.5.1 Place Remaining
Phase 3.5.1 Place Remaining | Checksum: 18786f50a

Time (s): cpu = 00:01:07 ; elapsed = 00:00:51 . Memory (MB): peak = 1829.219 ; gain = 0.000
Phase 3.5 Small Shape Detail Placement | Checksum: 18786f50a

Time (s): cpu = 00:01:08 ; elapsed = 00:00:51 . Memory (MB): peak = 1829.219 ; gain = 0.000

Phase 3.6 Re-assign LUT pins
Phase 3.6 Re-assign LUT pins | Checksum: 1659a662d

Time (s): cpu = 00:01:10 ; elapsed = 00:00:54 . Memory (MB): peak = 1829.219 ; gain = 0.000

Phase 3.7 Pipeline Register Optimization
Phase 3.7 Pipeline Register Optimization | Checksum: 9d5034fa

Time (s): cpu = 00:01:10 ; elapsed = 00:00:54 . Memory (MB): peak = 1829.219 ; gain = 0.000
Phase 3 Detail Placement | Checksum: 9d5034fa

Time (s): cpu = 00:01:10 ; elapsed = 00:00:54 . Memory (MB): peak = 1829.219 ; gain = 0.000

Phase 4 Post Placement Optimization and Clean-Up

Phase 4.1 Post Commit Optimization
INFO: [Timing 38-35] Done setting XDC timing constraints.

Phase 4.1.1 Post Placement Optimization
Post Placement Optimization Initialization | Checksum: 11d7dec02

Phase 4.1.1.1 BUFG Insertion

Starting Physical Synthesis Task

Phase 1 Physical Synthesis Initialization
INFO: [Physopt 32-721] Multithreading enabled for phys_opt_design using a maximum of 2 CPUs
INFO: [Physopt 32-619] Estimated Timing Summary | WNS=28.026 | TNS=0.000 |
Phase 1 Physical Synthesis Initialization | Checksum: 1f15518a3

Time (s): cpu = 00:00:00 ; elapsed = 00:00:00.349 . Memory (MB): peak = 1829.219 ; gain = 0.000
INFO: [Place 46-56] BUFG insertion identified 0 candidate nets. Inserted BUFG: 0, Replicated BUFG Driver: 0, Skipped due to Placement/Routing Conflicts: 0, Skipped due to Timing Degradation: 0, Skipped due to Illegal Netlist: 0.
Ending Physical Synthesis Task | Checksum: 173df9606

Time (s): cpu = 00:00:01 ; elapsed = 00:00:00.448 . Memory (MB): peak = 1829.219 ; gain = 0.000
Phase 4.1.1.1 BUFG Insertion | Checksum: 11d7dec02

Time (s): cpu = 00:01:18 ; elapsed = 00:01:00 . Memory (MB): peak = 1829.219 ; gain = 0.000
INFO: [Place 30-746] Post Placement Timing Summary WNS=28.026. For the most accurate timing information please run report_timing.
Phase 4.1.1 Post Placement Optimization | Checksum: 12570b83c

Time (s): cpu = 00:01:18 ; elapsed = 00:01:01 . Memory (MB): peak = 1829.219 ; gain = 0.000
Phase 4.1 Post Commit Optimization | Checksum: 12570b83c

Time (s): cpu = 00:01:18 ; elapsed = 00:01:01 . Memory (MB): peak = 1829.219 ; gain = 0.000

Phase 4.2 Post Placement Cleanup
Phase 4.2 Post Placement Cleanup | Checksum: 12570b83c

Time (s): cpu = 00:01:19 ; elapsed = 00:01:01 . Memory (MB): peak = 1829.219 ; gain = 0.000

Phase 4.3 Placer Reporting
Phase 4.3 Placer Reporting | Checksum: 12570b83c

Time (s): cpu = 00:01:19 ; elapsed = 00:01:02 . Memory (MB): peak = 1829.219 ; gain = 0.000

Phase 4.4 Final Placement Cleanup
Netlist sorting complete. Time (s): cpu = 00:00:00 ; elapsed = 00:00:00.034 . Memory (MB): peak = 1829.219 ; gain = 0.000
Phase 4.4 Final Placement Cleanup | Checksum: 1290b13d9

Time (s): cpu = 00:01:20 ; elapsed = 00:01:02 . Memory (MB): peak = 1829.219 ; gain = 0.000
Phase 4 Post Placement Optimization and Clean-Up | Checksum: 1290b13d9

Time (s): cpu = 00:01:20 ; elapsed = 00:01:02 . Memory (MB): peak = 1829.219 ; gain = 0.000
Ending Placer Task | Checksum: 7c5aa54e

Time (s): cpu = 00:01:20 ; elapsed = 00:01:02 . Memory (MB): peak = 1829.219 ; gain = 0.000
INFO: [Common 17-83] Releasing license: Implementation
83 Infos, 6 Warnings, 17 Critical Warnings and 0 Errors encountered.
place_design completed successfully
place_design: Time (s): cpu = 00:01:28 ; elapsed = 00:01:07 . Memory (MB): peak = 1829.219 ; gain = 0.000
INFO: [Timing 38-480] Writing timing data to binary archive.
Writing placer database...
Writing XDEF routing.
Writing XDEF routing logical nets.
Writing XDEF routing special nets.
Write XDEF Complete: Time (s): cpu = 00:00:12 ; elapsed = 00:00:04 . Memory (MB): peak = 1829.219 ; gain = 0.000
INFO: [Common 17-1381] The checkpoint 'C:/Users/rodri/ECE350/final-project-team-18/project_5/project_5.runs/impl_1/DINO_placed.dcp' has been generated.
write_checkpoint: Time (s): cpu = 00:00:21 ; elapsed = 00:00:11 . Memory (MB): peak = 1829.219 ; gain = 0.000
INFO: [runtcl-4] Executing : report_io -file DINO_io_placed.rpt
report_io: Time (s): cpu = 00:00:00 ; elapsed = 00:00:00.132 . Memory (MB): peak = 1829.219 ; gain = 0.000
INFO: [runtcl-4] Executing : report_utilization -file DINO_utilization_placed.rpt -pb DINO_utilization_placed.pb
INFO: [runtcl-4] Executing : report_control_sets -verbose -file DINO_control_sets_placed.rpt
report_control_sets: Time (s): cpu = 00:00:00 ; elapsed = 00:00:00.130 . Memory (MB): peak = 1829.219 ; gain = 0.000
Command: phys_opt_design
Attempting to get a license for feature 'Implementation' and/or device 'xc7a100t'
INFO: [Common 17-349] Got license for feature 'Implementation' and/or device 'xc7a100t'
INFO: [Vivado_Tcl 4-383] Design worst setup slack (WNS) is greater than or equal to 0.000 ns. Skipping all physical synthesis optimizations.
INFO: [Vivado_Tcl 4-232] No setup violation found. The netlist was not modified.
INFO: [Common 17-83] Releasing license: Implementation
92 Infos, 6 Warnings, 17 Critical Warnings and 0 Errors encountered.
phys_opt_design completed successfully
INFO: [Timing 38-480] Writing timing data to binary archive.
Writing placer database...
Writing XDEF routing.
Writing XDEF routing logical nets.
Writing XDEF routing special nets.
Write XDEF Complete: Time (s): cpu = 00:00:11 ; elapsed = 00:00:03 . Memory (MB): peak = 1829.219 ; gain = 0.000
INFO: [Common 17-1381] The checkpoint 'C:/Users/rodri/ECE350/final-project-team-18/project_5/project_5.runs/impl_1/DINO_physopt.dcp' has been generated.
write_checkpoint: Time (s): cpu = 00:00:19 ; elapsed = 00:00:10 . Memory (MB): peak = 1829.219 ; gain = 0.000
Command: route_design
Attempting to get a license for feature 'Implementation' and/or device 'xc7a100t'
INFO: [Common 17-349] Got license for feature 'Implementation' and/or device 'xc7a100t'
Running DRC as a precondition to command route_design
INFO: [DRC 23-27] Running DRC with 2 threads
INFO: [Vivado_Tcl 4-198] DRC finished with 0 Errors
INFO: [Vivado_Tcl 4-199] Please refer to the DRC report (report_drc) for more information.


Starting Routing Task
INFO: [Route 35-254] Multithreading enabled for route_design using a maximum of 2 CPUs
Checksum: PlaceDB: 27481fb4 ConstDB: 0 ShapeSum: 5512859a RouteDB: 0

Phase 1 Build RT Design
Phase 1 Build RT Design | Checksum: 80946141

Time (s): cpu = 00:00:56 ; elapsed = 00:00:38 . Memory (MB): peak = 1829.219 ; gain = 0.000
Post Restoration Checksum: NetGraph: 3c8d74a0 NumContArr: 4406eca1 Constraints: 0 Timing: 0

Phase 2 Router Initialization

Phase 2.1 Create Timer
Phase 2.1 Create Timer | Checksum: 80946141

Time (s): cpu = 00:00:56 ; elapsed = 00:00:39 . Memory (MB): peak = 1829.219 ; gain = 0.000

Phase 2.2 Fix Topology Constraints
Phase 2.2 Fix Topology Constraints | Checksum: 80946141

Time (s): cpu = 00:00:57 ; elapsed = 00:00:39 . Memory (MB): peak = 1835.426 ; gain = 6.207

Phase 2.3 Pre Route Cleanup
Phase 2.3 Pre Route Cleanup | Checksum: 80946141

Time (s): cpu = 00:00:57 ; elapsed = 00:00:39 . Memory (MB): peak = 1835.426 ; gain = 6.207
